Analysis & Synthesis report for Lot
Mon Dec 04 14:43:37 2023
Quartus Prime Version 20.1.0 Build 711 06/05/2020 SJ Lite Edition


---------------------
; Table of Contents ;
---------------------
  1. Legal Notice
  2. Analysis & Synthesis Summary
  3. Analysis & Synthesis Settings
  4. Parallel Compilation
  5. Analysis & Synthesis Source Files Read
  6. Analysis & Synthesis Resource Usage Summary
  7. Analysis & Synthesis Resource Utilization by Entity
  8. User-Specified and Inferred Latches
  9. Logic Cells Representing Combinational Loops
 10. General Register Statistics
 11. Multiplexer Restructuring Statistics (Restructuring Performed)
 12. Parameter Settings for User Entity Instance: Lot:lt
 13. Parameter Settings for User Entity Instance: Display:ds
 14. Port Connectivity Checks: "Display:ds"
 15. Post-Synthesis Netlist Statistics for Top Partition
 16. Elapsed Time Per Partition
 17. Analysis & Synthesis Messages
 18. Analysis & Synthesis Suppressed Messages



----------------
; Legal Notice ;
----------------
Copyright (C) 2020  Intel Corporation. All rights reserved.
Your use of Intel Corporation's design tools, logic functions 
and other software and tools, and any partner logic 
functions, and any output files from any of the foregoing 
(including device programming or simulation files), and any 
associated documentation or information are expressly subject 
to the terms and conditions of the Intel Program License 
Subscription Agreement, the Intel Quartus Prime License Agreement,
the Intel FPGA IP License Agreement, or other applicable license
agreement, including, without limitation, that your use is for
the sole purpose of programming logic devices manufactured by
Intel and sold by Intel or its authorized distributors.  Please
refer to the applicable agreement for further details, at
https://fpgasoftware.intel.com/eula.



+----------------------------------------------------------------------------------+
; Analysis & Synthesis Summary                                                     ;
+------------------------------------+---------------------------------------------+
; Analysis & Synthesis Status        ; Successful - Mon Dec 04 14:43:37 2023       ;
; Quartus Prime Version              ; 20.1.0 Build 711 06/05/2020 SJ Lite Edition ;
; Revision Name                      ; Lot                                         ;
; Top-level Entity Name              ; Top                                         ;
; Family                             ; Cyclone IV E                                ;
; Total logic elements               ; 146                                         ;
;     Total combinational functions  ; 146                                         ;
;     Dedicated logic registers      ; 8                                           ;
; Total registers                    ; 8                                           ;
; Total pins                         ; 51                                          ;
; Total virtual pins                 ; 0                                           ;
; Total memory bits                  ; 0                                           ;
; Embedded Multiplier 9-bit elements ; 0                                           ;
; Total PLLs                         ; 0                                           ;
+------------------------------------+---------------------------------------------+


+------------------------------------------------------------------------------------------------------------+
; Analysis & Synthesis Settings                                                                              ;
+------------------------------------------------------------------+--------------------+--------------------+
; Option                                                           ; Setting            ; Default Value      ;
+------------------------------------------------------------------+--------------------+--------------------+
; Device                                                           ; EP4CE115F29C7      ;                    ;
; Top-level entity name                                            ; Top                ; Lot                ;
; Family name                                                      ; Cyclone IV E       ; Cyclone V          ;
; Use smart compilation                                            ; Off                ; Off                ;
; Enable parallel Assembler and Timing Analyzer during compilation ; On                 ; On                 ;
; Enable compact report table                                      ; Off                ; Off                ;
; Restructure Multiplexers                                         ; Auto               ; Auto               ;
; Create Debugging Nodes for IP Cores                              ; Off                ; Off                ;
; Preserve fewer node names                                        ; On                 ; On                 ;
; Intel FPGA IP Evaluation Mode                                    ; Enable             ; Enable             ;
; Verilog Version                                                  ; Verilog_2001       ; Verilog_2001       ;
; VHDL Version                                                     ; VHDL_1993          ; VHDL_1993          ;
; State Machine Processing                                         ; Auto               ; Auto               ;
; Safe State Machine                                               ; Off                ; Off                ;
; Extract Verilog State Machines                                   ; On                 ; On                 ;
; Extract VHDL State Machines                                      ; On                 ; On                 ;
; Ignore Verilog initial constructs                                ; Off                ; Off                ;
; Iteration limit for constant Verilog loops                       ; 5000               ; 5000               ;
; Iteration limit for non-constant Verilog loops                   ; 250                ; 250                ;
; Add Pass-Through Logic to Inferred RAMs                          ; On                 ; On                 ;
; Infer RAMs from Raw Logic                                        ; On                 ; On                 ;
; Parallel Synthesis                                               ; On                 ; On                 ;
; DSP Block Balancing                                              ; Auto               ; Auto               ;
; NOT Gate Push-Back                                               ; On                 ; On                 ;
; Power-Up Don't Care                                              ; On                 ; On                 ;
; Remove Redundant Logic Cells                                     ; Off                ; Off                ;
; Remove Duplicate Registers                                       ; On                 ; On                 ;
; Ignore CARRY Buffers                                             ; Off                ; Off                ;
; Ignore CASCADE Buffers                                           ; Off                ; Off                ;
; Ignore GLOBAL Buffers                                            ; Off                ; Off                ;
; Ignore ROW GLOBAL Buffers                                        ; Off                ; Off                ;
; Ignore LCELL Buffers                                             ; Off                ; Off                ;
; Ignore SOFT Buffers                                              ; On                 ; On                 ;
; Limit AHDL Integers to 32 Bits                                   ; Off                ; Off                ;
; Optimization Technique                                           ; Balanced           ; Balanced           ;
; Carry Chain Length                                               ; 70                 ; 70                 ;
; Auto Carry Chains                                                ; On                 ; On                 ;
; Auto Open-Drain Pins                                             ; On                 ; On                 ;
; Perform WYSIWYG Primitive Resynthesis                            ; Off                ; Off                ;
; Auto ROM Replacement                                             ; On                 ; On                 ;
; Auto RAM Replacement                                             ; On                 ; On                 ;
; Auto DSP Block Replacement                                       ; On                 ; On                 ;
; Auto Shift Register Replacement                                  ; Auto               ; Auto               ;
; Allow Shift Register Merging across Hierarchies                  ; Auto               ; Auto               ;
; Auto Clock Enable Replacement                                    ; On                 ; On                 ;
; Strict RAM Replacement                                           ; Off                ; Off                ;
; Allow Synchronous Control Signals                                ; On                 ; On                 ;
; Force Use of Synchronous Clear Signals                           ; Off                ; Off                ;
; Auto RAM Block Balancing                                         ; On                 ; On                 ;
; Auto RAM to Logic Cell Conversion                                ; Off                ; Off                ;
; Auto Resource Sharing                                            ; Off                ; Off                ;
; Allow Any RAM Size For Recognition                               ; Off                ; Off                ;
; Allow Any ROM Size For Recognition                               ; Off                ; Off                ;
; Allow Any Shift Register Size For Recognition                    ; Off                ; Off                ;
; Use LogicLock Constraints during Resource Balancing              ; On                 ; On                 ;
; Ignore translate_off and synthesis_off directives                ; Off                ; Off                ;
; Timing-Driven Synthesis                                          ; On                 ; On                 ;
; Report Parameter Settings                                        ; On                 ; On                 ;
; Report Source Assignments                                        ; On                 ; On                 ;
; Report Connectivity Checks                                       ; On                 ; On                 ;
; Ignore Maximum Fan-Out Assignments                               ; Off                ; Off                ;
; Synchronization Register Chain Length                            ; 2                  ; 2                  ;
; Power Optimization During Synthesis                              ; Normal compilation ; Normal compilation ;
; HDL message level                                                ; Level2             ; Level2             ;
; Suppress Register Optimization Related Messages                  ; Off                ; Off                ;
; Number of Removed Registers Reported in Synthesis Report         ; 5000               ; 5000               ;
; Number of Swept Nodes Reported in Synthesis Report               ; 5000               ; 5000               ;
; Number of Inverted Registers Reported in Synthesis Report        ; 100                ; 100                ;
; Clock MUX Protection                                             ; On                 ; On                 ;
; Auto Gated Clock Conversion                                      ; Off                ; Off                ;
; Block Design Naming                                              ; Auto               ; Auto               ;
; SDC constraint protection                                        ; Off                ; Off                ;
; Synthesis Effort                                                 ; Auto               ; Auto               ;
; Shift Register Replacement - Allow Asynchronous Clear Signal     ; On                 ; On                 ;
; Pre-Mapping Resynthesis Optimization                             ; Off                ; Off                ;
; Analysis & Synthesis Message Level                               ; Medium             ; Medium             ;
; Disable Register Merging Across Hierarchies                      ; Auto               ; Auto               ;
; Resource Aware Inference For Block RAM                           ; On                 ; On                 ;
+------------------------------------------------------------------+--------------------+--------------------+


+------------------------------------------+
; Parallel Compilation                     ;
+----------------------------+-------------+
; Processors                 ; Number      ;
+----------------------------+-------------+
; Number detected on machine ; 4           ;
; Maximum allowed            ; 2           ;
;                            ;             ;
; Average used               ; 1.00        ;
; Maximum used               ; 2           ;
;                            ;             ;
; Usage by Processor         ; % Time Used ;
;     Processor 1            ; 100.0%      ;
;     Processor 2            ;   0.0%      ;
+----------------------------+-------------+


+------------------------------------------------------------------------------------------------------------------------------------------------------------+
; Analysis & Synthesis Source Files Read                                                                                                                     ;
+----------------------------------+-----------------+------------------------+--------------------------------------------------------------------+---------+
; File Name with User-Entered Path ; Used in Netlist ; File Type              ; File Name with Absolute Path                                       ; Library ;
+----------------------------------+-----------------+------------------------+--------------------------------------------------------------------+---------+
; Lot.v                            ; yes             ; User Verilog HDL File  ; C:/Users/gabri/Documents/GitHub/Coding-System-CCF251/TP2/Lot.v     ;         ;
; Display.v                        ; yes             ; User Verilog HDL File  ; C:/Users/gabri/Documents/GitHub/Coding-System-CCF251/TP2/Display.v ;         ;
; Top.v                            ; yes             ; User Verilog HDL File  ; C:/Users/gabri/Documents/GitHub/Coding-System-CCF251/TP2/Top.v     ;         ;
+----------------------------------+-----------------+------------------------+--------------------------------------------------------------------+---------+


+----------------------------------------------------------------+
; Analysis & Synthesis Resource Usage Summary                    ;
+---------------------------------------------+------------------+
; Resource                                    ; Usage            ;
+---------------------------------------------+------------------+
; Estimated Total logic elements              ; 146              ;
;                                             ;                  ;
; Total combinational functions               ; 146              ;
; Logic element usage by number of LUT inputs ;                  ;
;     -- 4 input functions                    ; 87               ;
;     -- 3 input functions                    ; 37               ;
;     -- <=2 input functions                  ; 22               ;
;                                             ;                  ;
; Logic elements by mode                      ;                  ;
;     -- normal mode                          ; 140              ;
;     -- arithmetic mode                      ; 6                ;
;                                             ;                  ;
; Total registers                             ; 8                ;
;     -- Dedicated logic registers            ; 8                ;
;     -- I/O registers                        ; 0                ;
;                                             ;                  ;
; I/O pins                                    ; 51               ;
;                                             ;                  ;
; Embedded Multiplier 9-bit elements          ; 0                ;
;                                             ;                  ;
; Maximum fan-out node                        ; Lot:lt|premio[0] ;
; Maximum fan-out                             ; 22               ;
; Total fan-out                               ; 624              ;
; Average fan-out                             ; 2.44             ;
+---------------------------------------------+------------------+


+----------------------------------------------------------------------------------------------------------------------------------------------------------------------------------------------------------+
; Analysis & Synthesis Resource Utilization by Entity                                                                                                                                                      ;
+----------------------------+---------------------+---------------------------+-------------+--------------+---------+-----------+------+--------------+---------------------+-------------+--------------+
; Compilation Hierarchy Node ; Combinational ALUTs ; Dedicated Logic Registers ; Memory Bits ; DSP Elements ; DSP 9x9 ; DSP 18x18 ; Pins ; Virtual Pins ; Full Hierarchy Name ; Entity Name ; Library Name ;
+----------------------------+---------------------+---------------------------+-------------+--------------+---------+-----------+------+--------------+---------------------+-------------+--------------+
; |Top                       ; 146 (0)             ; 8 (0)                     ; 0           ; 0            ; 0       ; 0         ; 51   ; 0            ; |Top                ; Top         ; work         ;
;    |Display:ds|            ; 60 (60)             ; 0 (0)                     ; 0           ; 0            ; 0       ; 0         ; 0    ; 0            ; |Top|Display:ds     ; Display     ; work         ;
;    |Lot:lt|                ; 86 (86)             ; 8 (8)                     ; 0           ; 0            ; 0       ; 0         ; 0    ; 0            ; |Top|Lot:lt         ; Lot         ; work         ;
+----------------------------+---------------------+---------------------------+-------------+--------------+---------+-----------+------+--------------+---------------------+-------------+--------------+
Note: For table entries with two numbers listed, the numbers in parentheses indicate the number of resources of the given type used by the specific entity alone. The numbers listed outside of parentheses indicate the total resources of the given type used by the specific entity and all of its sub-entities in the hierarchy.


+----------------------------------------------------------------------------------------------------+
; User-Specified and Inferred Latches                                                                ;
+-----------------------------------------------------+---------------------+------------------------+
; Latch Name                                          ; Latch Enable Signal ; Free of Timing Hazards ;
+-----------------------------------------------------+---------------------+------------------------+
; Display:ds|hex0[6]                                  ; Display:ds|Mux7     ; yes                    ;
; Display:ds|hex0[5]                                  ; Display:ds|Mux7     ; yes                    ;
; Display:ds|hex0[4]                                  ; Display:ds|Mux7     ; yes                    ;
; Display:ds|hex0[3]                                  ; Display:ds|Mux7     ; yes                    ;
; Display:ds|hex0[2]                                  ; Display:ds|Mux7     ; yes                    ;
; Display:ds|hex0[1]                                  ; Display:ds|Mux7     ; yes                    ;
; Display:ds|hex0[0]                                  ; Display:ds|Mux7     ; yes                    ;
; Display:ds|hex1[6]                                  ; Display:ds|Mux7     ; yes                    ;
; Display:ds|hex1[5]                                  ; Display:ds|Mux7     ; yes                    ;
; Display:ds|hex1[4]                                  ; Display:ds|Mux7     ; yes                    ;
; Display:ds|hex1[3]                                  ; Display:ds|Mux7     ; yes                    ;
; Display:ds|hex1[2]                                  ; Display:ds|Mux7     ; yes                    ;
; Display:ds|hex1[1]                                  ; Display:ds|Mux7     ; yes                    ;
; Display:ds|hex1[0]                                  ; Display:ds|Mux7     ; yes                    ;
; Display:ds|hex2[6]                                  ; Display:ds|Mux15    ; yes                    ;
; Display:ds|hex2[5]                                  ; Display:ds|Mux15    ; yes                    ;
; Display:ds|hex2[4]                                  ; Display:ds|Mux15    ; yes                    ;
; Display:ds|hex2[3]                                  ; Display:ds|Mux15    ; yes                    ;
; Display:ds|hex2[2]                                  ; Display:ds|Mux15    ; yes                    ;
; Display:ds|hex2[1]                                  ; Display:ds|Mux15    ; yes                    ;
; Display:ds|hex2[0]                                  ; Display:ds|Mux15    ; yes                    ;
; Display:ds|hex3[6]                                  ; Display:ds|Mux15    ; yes                    ;
; Display:ds|hex3[5]                                  ; Display:ds|Mux15    ; yes                    ;
; Display:ds|hex3[4]                                  ; Display:ds|Mux15    ; yes                    ;
; Display:ds|hex3[3]                                  ; Display:ds|Mux15    ; yes                    ;
; Display:ds|hex3[2]                                  ; Display:ds|Mux15    ; yes                    ;
; Display:ds|hex3[1]                                  ; Display:ds|Mux15    ; yes                    ;
; Display:ds|hex3[0]                                  ; Display:ds|Mux15    ; yes                    ;
; Display:ds|ledp1[1]                                 ; Display:ds|Mux18    ; yes                    ;
; Display:ds|ledp1[0]                                 ; Display:ds|Mux18    ; yes                    ;
; Display:ds|ledp2[1]                                 ; Display:ds|Mux18    ; yes                    ;
; Display:ds|ledp2[0]                                 ; Display:ds|Mux18    ; yes                    ;
; Lot:lt|p1[4]                                        ; Lot:lt|Decoder0     ; yes                    ;
; Lot:lt|premio[1]                                    ; Lot:lt|premio[1]    ; yes                    ;
; Lot:lt|premio[0]                                    ; Lot:lt|premio[1]    ; yes                    ;
; Lot:lt|p1[0]                                        ; Lot:lt|Decoder0     ; yes                    ;
; Lot:lt|p1[1]                                        ; Lot:lt|Decoder0     ; yes                    ;
; Lot:lt|p1[2]                                        ; Lot:lt|Decoder0     ; yes                    ;
; Lot:lt|p1[3]                                        ; Lot:lt|Decoder0     ; yes                    ;
; Lot:lt|p2[4]                                        ; Lot:lt|Decoder0     ; yes                    ;
; Lot:lt|p2[0]                                        ; Lot:lt|Decoder0     ; yes                    ;
; Lot:lt|p2[1]                                        ; Lot:lt|Decoder0     ; yes                    ;
; Lot:lt|p2[2]                                        ; Lot:lt|Decoder0     ; yes                    ;
; Lot:lt|p2[3]                                        ; Lot:lt|Decoder0     ; yes                    ;
; Number of user-specified and inferred latches = 44  ;                     ;                        ;
+-----------------------------------------------------+---------------------+------------------------+
Note: All latches listed above may not be present at the end of synthesis due to various synthesis optimizations.


+------------------------------------------------------------+
; Logic Cells Representing Combinational Loops               ;
+--------------------------------------------------------+---+
; Logic Cell Name                                        ;   ;
+--------------------------------------------------------+---+
; Display:ds|sled                                        ;   ;
; Number of logic cells representing combinational loops ; 1 ;
+--------------------------------------------------------+---+
Note: All cells listed above may not be present at the end of synthesis due to various synthesis optimizations.


+------------------------------------------------------+
; General Register Statistics                          ;
+----------------------------------------------+-------+
; Statistic                                    ; Value ;
+----------------------------------------------+-------+
; Total registers                              ; 8     ;
; Number of registers using Synchronous Clear  ; 0     ;
; Number of registers using Synchronous Load   ; 0     ;
; Number of registers using Asynchronous Clear ; 8     ;
; Number of registers using Asynchronous Load  ; 0     ;
; Number of registers using Clock Enable       ; 6     ;
; Number of registers using Preset             ; 0     ;
+----------------------------------------------+-------+


+------------------------------------------------------------------------------------------------------------------------------------------+
; Multiplexer Restructuring Statistics (Restructuring Performed)                                                                           ;
+--------------------+-----------+---------------+----------------------+------------------------+------------+----------------------------+
; Multiplexer Inputs ; Bus Width ; Baseline Area ; Area if Restructured ; Saving if Restructured ; Registered ; Example Multiplexer Output ;
+--------------------+-----------+---------------+----------------------+------------------------+------------+----------------------------+
; 23:1               ; 4 bits    ; 60 LEs        ; 4 LEs                ; 56 LEs                 ; Yes        ; |Top|Lot:lt|c[3]           ;
+--------------------+-----------+---------------+----------------------+------------------------+------------+----------------------------+


+-----------------------------------------------------+
; Parameter Settings for User Entity Instance: Lot:lt ;
+----------------+-------+----------------------------+
; Parameter Name ; Value ; Type                       ;
+----------------+-------+----------------------------+
; s0             ; 0000  ; Unsigned Binary            ;
; s1             ; 0001  ; Unsigned Binary            ;
; s2             ; 0010  ; Unsigned Binary            ;
; s3             ; 0011  ; Unsigned Binary            ;
; s4             ; 0100  ; Unsigned Binary            ;
; sg1            ; 0101  ; Unsigned Binary            ;
; sg2            ; 0110  ; Unsigned Binary            ;
; sg0            ; 0111  ; Unsigned Binary            ;
; sgx            ; 1000  ; Unsigned Binary            ;
+----------------+-------+----------------------------+
Note: In order to hide this table in the UI and the text report file, please set the "Show Parameter Settings in Synthesis Report" option in "Analysis and Synthesis Settings -> More Settings" to "Off".


+---------------------------------------------------------+
; Parameter Settings for User Entity Instance: Display:ds ;
+----------------+---------+------------------------------+
; Parameter Name ; Value   ; Type                         ;
+----------------+---------+------------------------------+
; zero           ; 0000001 ; Unsigned Binary              ;
; um             ; 1001111 ; Unsigned Binary              ;
; dois           ; 0010010 ; Unsigned Binary              ;
; tres           ; 0000110 ; Unsigned Binary              ;
; quatro         ; 1001100 ; Unsigned Binary              ;
; cinco          ; 0100100 ; Unsigned Binary              ;
; seis           ; 0100000 ; Unsigned Binary              ;
; sete           ; 0001111 ; Unsigned Binary              ;
; oito           ; 0000000 ; Unsigned Binary              ;
; nove           ; 0000100 ; Unsigned Binary              ;
; traco          ; 1111110 ; Unsigned Binary              ;
; apagado        ; 0000000 ; Unsigned Binary              ;
; s0             ; 0000    ; Unsigned Binary              ;
; s1             ; 0001    ; Unsigned Binary              ;
; s2             ; 0010    ; Unsigned Binary              ;
; s3             ; 0011    ; Unsigned Binary              ;
; s4             ; 0100    ; Unsigned Binary              ;
; sg1            ; 0101    ; Unsigned Binary              ;
; sg2            ; 0110    ; Unsigned Binary              ;
; sg0            ; 0111    ; Unsigned Binary              ;
; sgx            ; 1000    ; Unsigned Binary              ;
+----------------+---------+------------------------------+
Note: In order to hide this table in the UI and the text report file, please set the "Show Parameter Settings in Synthesis Report" option in "Analysis and Synthesis Settings -> More Settings" to "Off".


+------------------------------------------------------------------------------------------------------------------------------------------------------------------------+
; Port Connectivity Checks: "Display:ds"                                                                                                                                 ;
+------+-------+----------+----------------------------------------------------------------------------------------------------------------------------------------------+
; Port ; Type  ; Severity ; Details                                                                                                                                      ;
+------+-------+----------+----------------------------------------------------------------------------------------------------------------------------------------------+
; clk  ; Input ; Warning  ; Declared by entity but not connected by instance. If a default value exists, it will be used.  Otherwise, the port will be connected to GND. ;
+------+-------+----------+----------------------------------------------------------------------------------------------------------------------------------------------+


+-----------------------------------------------------+
; Post-Synthesis Netlist Statistics for Top Partition ;
+-----------------------+-----------------------------+
; Type                  ; Count                       ;
+-----------------------+-----------------------------+
; boundary_port         ; 51                          ;
; cycloneiii_ff         ; 8                           ;
;     CLR               ; 2                           ;
;     ENA CLR           ; 6                           ;
; cycloneiii_lcell_comb ; 146                         ;
;     arith             ; 6                           ;
;         2 data inputs ; 4                           ;
;         3 data inputs ; 2                           ;
;     normal            ; 140                         ;
;         1 data inputs ; 2                           ;
;         2 data inputs ; 16                          ;
;         3 data inputs ; 35                          ;
;         4 data inputs ; 87                          ;
;                       ;                             ;
; Max LUT depth         ; 5.00                        ;
; Average LUT depth     ; 2.63                        ;
+-----------------------+-----------------------------+


+-------------------------------+
; Elapsed Time Per Partition    ;
+----------------+--------------+
; Partition Name ; Elapsed Time ;
+----------------+--------------+
; Top            ; 00:00:00     ;
+----------------+--------------+


+-------------------------------+
; Analysis & Synthesis Messages ;
+-------------------------------+
Info: *******************************************************************
Info: Running Quartus Prime Analysis & Synthesis
    Info: Version 20.1.0 Build 711 06/05/2020 SJ Lite Edition
    Info: Processing started: Mon Dec 04 14:43:25 2023
Info: Command: quartus_map --read_settings_files=on --write_settings_files=off Lot -c Lot
Warning (18236): Number of processors has not been specified which may cause overloading on shared machines.  Set the global assignment NUM_PARALLEL_PROCESSORS in your QSF to an appropriate value for best performance.
Info (20030): Parallel compilation is enabled and will use 2 of the 2 processors detected
Info (12021): Found 1 design units, including 1 entities, in source file lot.v
    Info (12023): Found entity 1: Lot File: C:/Users/gabri/Documents/GitHub/Coding-System-CCF251/TP2/Lot.v Line: 1
Info (12021): Found 1 design units, including 1 entities, in source file lot_tb.v
    Info (12023): Found entity 1: lot_tb File: C:/Users/gabri/Documents/GitHub/Coding-System-CCF251/TP2/lot_tb.v Line: 3
Info (12021): Found 1 design units, including 1 entities, in source file display.v
    Info (12023): Found entity 1: Display File: C:/Users/gabri/Documents/GitHub/Coding-System-CCF251/TP2/Display.v Line: 1
Info (12021): Found 1 design units, including 1 entities, in source file top.v
    Info (12023): Found entity 1: Top File: C:/Users/gabri/Documents/GitHub/Coding-System-CCF251/TP2/Top.v Line: 1
Info (12127): Elaborating entity "Top" for the top level hierarchy
Info (12128): Elaborating entity "Lot" for hierarchy "Lot:lt" File: C:/Users/gabri/Documents/GitHub/Coding-System-CCF251/TP2/Top.v Line: 19
Warning (10230): Verilog HDL assignment warning at Lot.v(51): truncated value with size 32 to match size of target (5) File: C:/Users/gabri/Documents/GitHub/Coding-System-CCF251/TP2/Lot.v Line: 51
Warning (10230): Verilog HDL assignment warning at Lot.v(56): truncated value with size 32 to match size of target (5) File: C:/Users/gabri/Documents/GitHub/Coding-System-CCF251/TP2/Lot.v Line: 56
Warning (10230): Verilog HDL assignment warning at Lot.v(76): truncated value with size 32 to match size of target (4) File: C:/Users/gabri/Documents/GitHub/Coding-System-CCF251/TP2/Lot.v Line: 76
Warning (10230): Verilog HDL assignment warning at Lot.v(88): truncated value with size 32 to match size of target (4) File: C:/Users/gabri/Documents/GitHub/Coding-System-CCF251/TP2/Lot.v Line: 88
Warning (10230): Verilog HDL assignment warning at Lot.v(99): truncated value with size 32 to match size of target (4) File: C:/Users/gabri/Documents/GitHub/Coding-System-CCF251/TP2/Lot.v Line: 99
Warning (10230): Verilog HDL assignment warning at Lot.v(118): truncated value with size 32 to match size of target (4) File: C:/Users/gabri/Documents/GitHub/Coding-System-CCF251/TP2/Lot.v Line: 118
Warning (10240): Verilog HDL Always Construct warning at Lot.v(36): inferring latch(es) for variable "premio", which holds its previous value in one or more paths through the always construct File: C:/Users/gabri/Documents/GitHub/Coding-System-CCF251/TP2/Lot.v Line: 36
Warning (10240): Verilog HDL Always Construct warning at Lot.v(36): inferring latch(es) for variable "p1", which holds its previous value in one or more paths through the always construct File: C:/Users/gabri/Documents/GitHub/Coding-System-CCF251/TP2/Lot.v Line: 36
Warning (10240): Verilog HDL Always Construct warning at Lot.v(36): inferring latch(es) for variable "p2", which holds its previous value in one or more paths through the always construct File: C:/Users/gabri/Documents/GitHub/Coding-System-CCF251/TP2/Lot.v Line: 36
Info (10041): Inferred latch for "p2[0]" at Lot.v(36) File: C:/Users/gabri/Documents/GitHub/Coding-System-CCF251/TP2/Lot.v Line: 36
Info (10041): Inferred latch for "p2[1]" at Lot.v(36) File: C:/Users/gabri/Documents/GitHub/Coding-System-CCF251/TP2/Lot.v Line: 36
Info (10041): Inferred latch for "p2[2]" at Lot.v(36) File: C:/Users/gabri/Documents/GitHub/Coding-System-CCF251/TP2/Lot.v Line: 36
Info (10041): Inferred latch for "p2[3]" at Lot.v(36) File: C:/Users/gabri/Documents/GitHub/Coding-System-CCF251/TP2/Lot.v Line: 36
Info (10041): Inferred latch for "p2[4]" at Lot.v(36) File: C:/Users/gabri/Documents/GitHub/Coding-System-CCF251/TP2/Lot.v Line: 36
Info (10041): Inferred latch for "p1[0]" at Lot.v(36) File: C:/Users/gabri/Documents/GitHub/Coding-System-CCF251/TP2/Lot.v Line: 36
Info (10041): Inferred latch for "p1[1]" at Lot.v(36) File: C:/Users/gabri/Documents/GitHub/Coding-System-CCF251/TP2/Lot.v Line: 36
Info (10041): Inferred latch for "p1[2]" at Lot.v(36) File: C:/Users/gabri/Documents/GitHub/Coding-System-CCF251/TP2/Lot.v Line: 36
Info (10041): Inferred latch for "p1[3]" at Lot.v(36) File: C:/Users/gabri/Documents/GitHub/Coding-System-CCF251/TP2/Lot.v Line: 36
Info (10041): Inferred latch for "p1[4]" at Lot.v(36) File: C:/Users/gabri/Documents/GitHub/Coding-System-CCF251/TP2/Lot.v Line: 36
Info (10041): Inferred latch for "premio[0]" at Lot.v(43) File: C:/Users/gabri/Documents/GitHub/Coding-System-CCF251/TP2/Lot.v Line: 43
Info (10041): Inferred latch for "premio[1]" at Lot.v(43) File: C:/Users/gabri/Documents/GitHub/Coding-System-CCF251/TP2/Lot.v Line: 43
Info (12128): Elaborating entity "Display" for hierarchy "Display:ds" File: C:/Users/gabri/Documents/GitHub/Coding-System-CCF251/TP2/Top.v Line: 26
Warning (10270): Verilog HDL Case Statement warning at Display.v(60): incomplete case statement has no default case item File: C:/Users/gabri/Documents/GitHub/Coding-System-CCF251/TP2/Display.v Line: 60
Warning (10270): Verilog HDL Case Statement warning at Display.v(108): incomplete case statement has no default case item File: C:/Users/gabri/Documents/GitHub/Coding-System-CCF251/TP2/Display.v Line: 108
Warning (10270): Verilog HDL Case Statement warning at Display.v(56): incomplete case statement has no default case item File: C:/Users/gabri/Documents/GitHub/Coding-System-CCF251/TP2/Display.v Line: 56
Warning (10240): Verilog HDL Always Construct warning at Display.v(48): inferring latch(es) for variable "ledp1", which holds its previous value in one or more paths through the always construct File: C:/Users/gabri/Documents/GitHub/Coding-System-CCF251/TP2/Display.v Line: 48
Warning (10240): Verilog HDL Always Construct warning at Display.v(48): inferring latch(es) for variable "ledp2", which holds its previous value in one or more paths through the always construct File: C:/Users/gabri/Documents/GitHub/Coding-System-CCF251/TP2/Display.v Line: 48
Warning (10240): Verilog HDL Always Construct warning at Display.v(48): inferring latch(es) for variable "hex3", which holds its previous value in one or more paths through the always construct File: C:/Users/gabri/Documents/GitHub/Coding-System-CCF251/TP2/Display.v Line: 48
Warning (10240): Verilog HDL Always Construct warning at Display.v(48): inferring latch(es) for variable "hex2", which holds its previous value in one or more paths through the always construct File: C:/Users/gabri/Documents/GitHub/Coding-System-CCF251/TP2/Display.v Line: 48
Warning (10240): Verilog HDL Always Construct warning at Display.v(48): inferring latch(es) for variable "hex0", which holds its previous value in one or more paths through the always construct File: C:/Users/gabri/Documents/GitHub/Coding-System-CCF251/TP2/Display.v Line: 48
Warning (10240): Verilog HDL Always Construct warning at Display.v(48): inferring latch(es) for variable "hex1", which holds its previous value in one or more paths through the always construct File: C:/Users/gabri/Documents/GitHub/Coding-System-CCF251/TP2/Display.v Line: 48
Warning (10235): Verilog HDL Always Construct warning at Display.v(165): variable "sled" is read inside the Always Construct but isn't in the Always Construct's Event Control File: C:/Users/gabri/Documents/GitHub/Coding-System-CCF251/TP2/Display.v Line: 165
Info (10041): Inferred latch for "hex1[6]" at Display.v(48) File: C:/Users/gabri/Documents/GitHub/Coding-System-CCF251/TP2/Display.v Line: 48
Info (10041): Inferred latch for "hex1[5]" at Display.v(48) File: C:/Users/gabri/Documents/GitHub/Coding-System-CCF251/TP2/Display.v Line: 48
Info (10041): Inferred latch for "hex1[4]" at Display.v(48) File: C:/Users/gabri/Documents/GitHub/Coding-System-CCF251/TP2/Display.v Line: 48
Info (10041): Inferred latch for "hex1[3]" at Display.v(48) File: C:/Users/gabri/Documents/GitHub/Coding-System-CCF251/TP2/Display.v Line: 48
Info (10041): Inferred latch for "hex1[2]" at Display.v(48) File: C:/Users/gabri/Documents/GitHub/Coding-System-CCF251/TP2/Display.v Line: 48
Info (10041): Inferred latch for "hex1[1]" at Display.v(48) File: C:/Users/gabri/Documents/GitHub/Coding-System-CCF251/TP2/Display.v Line: 48
Info (10041): Inferred latch for "hex1[0]" at Display.v(48) File: C:/Users/gabri/Documents/GitHub/Coding-System-CCF251/TP2/Display.v Line: 48
Info (10041): Inferred latch for "hex0[6]" at Display.v(48) File: C:/Users/gabri/Documents/GitHub/Coding-System-CCF251/TP2/Display.v Line: 48
Info (10041): Inferred latch for "hex0[5]" at Display.v(48) File: C:/Users/gabri/Documents/GitHub/Coding-System-CCF251/TP2/Display.v Line: 48
Info (10041): Inferred latch for "hex0[4]" at Display.v(48) File: C:/Users/gabri/Documents/GitHub/Coding-System-CCF251/TP2/Display.v Line: 48
Info (10041): Inferred latch for "hex0[3]" at Display.v(48) File: C:/Users/gabri/Documents/GitHub/Coding-System-CCF251/TP2/Display.v Line: 48
Info (10041): Inferred latch for "hex0[2]" at Display.v(48) File: C:/Users/gabri/Documents/GitHub/Coding-System-CCF251/TP2/Display.v Line: 48
Info (10041): Inferred latch for "hex0[1]" at Display.v(48) File: C:/Users/gabri/Documents/GitHub/Coding-System-CCF251/TP2/Display.v Line: 48
Info (10041): Inferred latch for "hex0[0]" at Display.v(48) File: C:/Users/gabri/Documents/GitHub/Coding-System-CCF251/TP2/Display.v Line: 48
Info (10041): Inferred latch for "hex2[6]" at Display.v(48) File: C:/Users/gabri/Documents/GitHub/Coding-System-CCF251/TP2/Display.v Line: 48
Info (10041): Inferred latch for "hex2[5]" at Display.v(48) File: C:/Users/gabri/Documents/GitHub/Coding-System-CCF251/TP2/Display.v Line: 48
Info (10041): Inferred latch for "hex2[4]" at Display.v(48) File: C:/Users/gabri/Documents/GitHub/Coding-System-CCF251/TP2/Display.v Line: 48
Info (10041): Inferred latch for "hex2[3]" at Display.v(48) File: C:/Users/gabri/Documents/GitHub/Coding-System-CCF251/TP2/Display.v Line: 48
Info (10041): Inferred latch for "hex2[2]" at Display.v(48) File: C:/Users/gabri/Documents/GitHub/Coding-System-CCF251/TP2/Display.v Line: 48
Info (10041): Inferred latch for "hex2[1]" at Display.v(48) File: C:/Users/gabri/Documents/GitHub/Coding-System-CCF251/TP2/Display.v Line: 48
Info (10041): Inferred latch for "hex2[0]" at Display.v(48) File: C:/Users/gabri/Documents/GitHub/Coding-System-CCF251/TP2/Display.v Line: 48
Info (10041): Inferred latch for "hex3[6]" at Display.v(48) File: C:/Users/gabri/Documents/GitHub/Coding-System-CCF251/TP2/Display.v Line: 48
Info (10041): Inferred latch for "hex3[5]" at Display.v(48) File: C:/Users/gabri/Documents/GitHub/Coding-System-CCF251/TP2/Display.v Line: 48
Info (10041): Inferred latch for "hex3[4]" at Display.v(48) File: C:/Users/gabri/Documents/GitHub/Coding-System-CCF251/TP2/Display.v Line: 48
Info (10041): Inferred latch for "hex3[3]" at Display.v(48) File: C:/Users/gabri/Documents/GitHub/Coding-System-CCF251/TP2/Display.v Line: 48
Info (10041): Inferred latch for "hex3[2]" at Display.v(48) File: C:/Users/gabri/Documents/GitHub/Coding-System-CCF251/TP2/Display.v Line: 48
Info (10041): Inferred latch for "hex3[1]" at Display.v(48) File: C:/Users/gabri/Documents/GitHub/Coding-System-CCF251/TP2/Display.v Line: 48
Info (10041): Inferred latch for "hex3[0]" at Display.v(48) File: C:/Users/gabri/Documents/GitHub/Coding-System-CCF251/TP2/Display.v Line: 48
Info (10041): Inferred latch for "ledp2[1]" at Display.v(48) File: C:/Users/gabri/Documents/GitHub/Coding-System-CCF251/TP2/Display.v Line: 48
Info (10041): Inferred latch for "ledp2[0]" at Display.v(48) File: C:/Users/gabri/Documents/GitHub/Coding-System-CCF251/TP2/Display.v Line: 48
Info (10041): Inferred latch for "ledp1[1]" at Display.v(48) File: C:/Users/gabri/Documents/GitHub/Coding-System-CCF251/TP2/Display.v Line: 48
Info (10041): Inferred latch for "ledp1[0]" at Display.v(48) File: C:/Users/gabri/Documents/GitHub/Coding-System-CCF251/TP2/Display.v Line: 48
Warning (12241): 1 hierarchies have connectivity warnings - see the Connectivity Checks report folder
Info (13025): Duplicate LATCH primitives merged into single LATCH primitive
    Info (13026): Duplicate LATCH primitive "Display:ds|hex1[0]" merged with LATCH primitive "Display:ds|hex1[5]" File: C:/Users/gabri/Documents/GitHub/Coding-System-CCF251/TP2/Display.v Line: 48
    Info (13026): Duplicate LATCH primitive "Display:ds|hex1[1]" merged with LATCH primitive "Display:ds|hex1[5]" File: C:/Users/gabri/Documents/GitHub/Coding-System-CCF251/TP2/Display.v Line: 48
    Info (13026): Duplicate LATCH primitive "Display:ds|hex1[2]" merged with LATCH primitive "Display:ds|hex1[5]" File: C:/Users/gabri/Documents/GitHub/Coding-System-CCF251/TP2/Display.v Line: 48
    Info (13026): Duplicate LATCH primitive "Display:ds|hex1[3]" merged with LATCH primitive "Display:ds|hex1[5]" File: C:/Users/gabri/Documents/GitHub/Coding-System-CCF251/TP2/Display.v Line: 48
    Info (13026): Duplicate LATCH primitive "Display:ds|hex1[4]" merged with LATCH primitive "Display:ds|hex1[5]" File: C:/Users/gabri/Documents/GitHub/Coding-System-CCF251/TP2/Display.v Line: 48
    Info (13026): Duplicate LATCH primitive "Display:ds|hex3[0]" merged with LATCH primitive "Display:ds|hex3[5]" File: C:/Users/gabri/Documents/GitHub/Coding-System-CCF251/TP2/Display.v Line: 48
    Info (13026): Duplicate LATCH primitive "Display:ds|hex3[1]" merged with LATCH primitive "Display:ds|hex3[5]" File: C:/Users/gabri/Documents/GitHub/Coding-System-CCF251/TP2/Display.v Line: 48
    Info (13026): Duplicate LATCH primitive "Display:ds|hex3[2]" merged with LATCH primitive "Display:ds|hex3[5]" File: C:/Users/gabri/Documents/GitHub/Coding-System-CCF251/TP2/Display.v Line: 48
    Info (13026): Duplicate LATCH primitive "Display:ds|hex3[3]" merged with LATCH primitive "Display:ds|hex3[5]" File: C:/Users/gabri/Documents/GitHub/Coding-System-CCF251/TP2/Display.v Line: 48
    Info (13026): Duplicate LATCH primitive "Display:ds|hex3[4]" merged with LATCH primitive "Display:ds|hex3[5]" File: C:/Users/gabri/Documents/GitHub/Coding-System-CCF251/TP2/Display.v Line: 48
    Info (13026): Duplicate LATCH primitive "Display:ds|ledp1[0]" merged with LATCH primitive "Display:ds|ledp1[1]" File: C:/Users/gabri/Documents/GitHub/Coding-System-CCF251/TP2/Display.v Line: 48
    Info (13026): Duplicate LATCH primitive "Display:ds|ledp2[0]" merged with LATCH primitive "Display:ds|ledp2[1]" File: C:/Users/gabri/Documents/GitHub/Coding-System-CCF251/TP2/Display.v Line: 48
Warning (13012): Latch Display:ds|hex0[6] has unsafe behavior File: C:/Users/gabri/Documents/GitHub/Coding-System-CCF251/TP2/Display.v Line: 48
    Warning (13013): Ports D and ENA on the latch are fed by the same signal Lot:lt|p1[4] File: C:/Users/gabri/Documents/GitHub/Coding-System-CCF251/TP2/Lot.v Line: 36
Warning (13012): Latch Display:ds|hex0[5] has unsafe behavior File: C:/Users/gabri/Documents/GitHub/Coding-System-CCF251/TP2/Display.v Line: 48
    Warning (13013): Ports D and ENA on the latch are fed by the same signal Lot:lt|p1[4] File: C:/Users/gabri/Documents/GitHub/Coding-System-CCF251/TP2/Lot.v Line: 36
Warning (13012): Latch Display:ds|hex0[4] has unsafe behavior File: C:/Users/gabri/Documents/GitHub/Coding-System-CCF251/TP2/Display.v Line: 48
    Warning (13013): Ports D and ENA on the latch are fed by the same signal Lot:lt|p1[4] File: C:/Users/gabri/Documents/GitHub/Coding-System-CCF251/TP2/Lot.v Line: 36
Warning (13012): Latch Display:ds|hex0[3] has unsafe behavior File: C:/Users/gabri/Documents/GitHub/Coding-System-CCF251/TP2/Display.v Line: 48
    Warning (13013): Ports D and ENA on the latch are fed by the same signal Lot:lt|p1[4] File: C:/Users/gabri/Documents/GitHub/Coding-System-CCF251/TP2/Lot.v Line: 36
Warning (13012): Latch Display:ds|hex0[2] has unsafe behavior File: C:/Users/gabri/Documents/GitHub/Coding-System-CCF251/TP2/Display.v Line: 48
    Warning (13013): Ports D and ENA on the latch are fed by the same signal Lot:lt|p1[4] File: C:/Users/gabri/Documents/GitHub/Coding-System-CCF251/TP2/Lot.v Line: 36
Warning (13012): Latch Display:ds|hex0[1] has unsafe behavior File: C:/Users/gabri/Documents/GitHub/Coding-System-CCF251/TP2/Display.v Line: 48
    Warning (13013): Ports D and ENA on the latch are fed by the same signal Lot:lt|p1[4] File: C:/Users/gabri/Documents/GitHub/Coding-System-CCF251/TP2/Lot.v Line: 36
Warning (13012): Latch Display:ds|hex0[0] has unsafe behavior File: C:/Users/gabri/Documents/GitHub/Coding-System-CCF251/TP2/Display.v Line: 48
    Warning (13013): Ports D and ENA on the latch are fed by the same signal Lot:lt|p1[4] File: C:/Users/gabri/Documents/GitHub/Coding-System-CCF251/TP2/Lot.v Line: 36
Warning (13012): Latch Display:ds|hex1[6] has unsafe behavior File: C:/Users/gabri/Documents/GitHub/Coding-System-CCF251/TP2/Display.v Line: 48
    Warning (13013): Ports D and ENA on the latch are fed by the same signal Lot:lt|premio[1] File: C:/Users/gabri/Documents/GitHub/Coding-System-CCF251/TP2/Lot.v Line: 43
Warning (13012): Latch Display:ds|hex1[5] has unsafe behavior File: C:/Users/gabri/Documents/GitHub/Coding-System-CCF251/TP2/Display.v Line: 48
    Warning (13013): Ports D and ENA on the latch are fed by the same signal Lot:lt|premio[1] File: C:/Users/gabri/Documents/GitHub/Coding-System-CCF251/TP2/Lot.v Line: 43
Warning (13012): Latch Display:ds|hex2[6] has unsafe behavior File: C:/Users/gabri/Documents/GitHub/Coding-System-CCF251/TP2/Display.v Line: 48
    Warning (13013): Ports D and ENA on the latch are fed by the same signal Lot:lt|p2[4] File: C:/Users/gabri/Documents/GitHub/Coding-System-CCF251/TP2/Lot.v Line: 36
Warning (13012): Latch Display:ds|hex2[5] has unsafe behavior File: C:/Users/gabri/Documents/GitHub/Coding-System-CCF251/TP2/Display.v Line: 48
    Warning (13013): Ports D and ENA on the latch are fed by the same signal Lot:lt|p2[4] File: C:/Users/gabri/Documents/GitHub/Coding-System-CCF251/TP2/Lot.v Line: 36
Warning (13012): Latch Display:ds|hex2[4] has unsafe behavior File: C:/Users/gabri/Documents/GitHub/Coding-System-CCF251/TP2/Display.v Line: 48
    Warning (13013): Ports D and ENA on the latch are fed by the same signal Lot:lt|p2[4] File: C:/Users/gabri/Documents/GitHub/Coding-System-CCF251/TP2/Lot.v Line: 36
Warning (13012): Latch Display:ds|hex2[3] has unsafe behavior File: C:/Users/gabri/Documents/GitHub/Coding-System-CCF251/TP2/Display.v Line: 48
    Warning (13013): Ports D and ENA on the latch are fed by the same signal Lot:lt|p2[4] File: C:/Users/gabri/Documents/GitHub/Coding-System-CCF251/TP2/Lot.v Line: 36
Warning (13012): Latch Display:ds|hex2[2] has unsafe behavior File: C:/Users/gabri/Documents/GitHub/Coding-System-CCF251/TP2/Display.v Line: 48
    Warning (13013): Ports D and ENA on the latch are fed by the same signal Lot:lt|p2[4] File: C:/Users/gabri/Documents/GitHub/Coding-System-CCF251/TP2/Lot.v Line: 36
Warning (13012): Latch Display:ds|hex2[1] has unsafe behavior File: C:/Users/gabri/Documents/GitHub/Coding-System-CCF251/TP2/Display.v Line: 48
    Warning (13013): Ports D and ENA on the latch are fed by the same signal Lot:lt|p2[4] File: C:/Users/gabri/Documents/GitHub/Coding-System-CCF251/TP2/Lot.v Line: 36
Warning (13012): Latch Display:ds|hex2[0] has unsafe behavior File: C:/Users/gabri/Documents/GitHub/Coding-System-CCF251/TP2/Display.v Line: 48
    Warning (13013): Ports D and ENA on the latch are fed by the same signal Lot:lt|p2[4] File: C:/Users/gabri/Documents/GitHub/Coding-System-CCF251/TP2/Lot.v Line: 36
Warning (13012): Latch Display:ds|hex3[6] has unsafe behavior File: C:/Users/gabri/Documents/GitHub/Coding-System-CCF251/TP2/Display.v Line: 48
    Warning (13013): Ports D and ENA on the latch are fed by the same signal Lot:lt|premio[1] File: C:/Users/gabri/Documents/GitHub/Coding-System-CCF251/TP2/Lot.v Line: 43
Warning (13012): Latch Display:ds|hex3[5] has unsafe behavior File: C:/Users/gabri/Documents/GitHub/Coding-System-CCF251/TP2/Display.v Line: 48
    Warning (13013): Ports D and ENA on the latch are fed by the same signal Lot:lt|premio[1] File: C:/Users/gabri/Documents/GitHub/Coding-System-CCF251/TP2/Lot.v Line: 43
Warning (13012): Latch Display:ds|ledp1[1] has unsafe behavior File: C:/Users/gabri/Documents/GitHub/Coding-System-CCF251/TP2/Display.v Line: 48
    Warning (13013): Ports D and ENA on the latch are fed by the same signal Lot:lt|premio[1] File: C:/Users/gabri/Documents/GitHub/Coding-System-CCF251/TP2/Lot.v Line: 43
Warning (13012): Latch Display:ds|ledp2[1] has unsafe behavior File: C:/Users/gabri/Documents/GitHub/Coding-System-CCF251/TP2/Display.v Line: 48
    Warning (13013): Ports D and ENA on the latch are fed by the same signal Lot:lt|premio[1] File: C:/Users/gabri/Documents/GitHub/Coding-System-CCF251/TP2/Lot.v Line: 43
Warning (13012): Latch Lot:lt|premio[1] has unsafe behavior File: C:/Users/gabri/Documents/GitHub/Coding-System-CCF251/TP2/Lot.v Line: 43
    Warning (13013): Ports D and ENA on the latch are fed by the same signal Lot:lt|state[3] File: C:/Users/gabri/Documents/GitHub/Coding-System-CCF251/TP2/Lot.v Line: 72
Warning (13012): Latch Lot:lt|premio[0] has unsafe behavior File: C:/Users/gabri/Documents/GitHub/Coding-System-CCF251/TP2/Lot.v Line: 43
    Warning (13013): Ports D and ENA on the latch are fed by the same signal Lot:lt|state[3] File: C:/Users/gabri/Documents/GitHub/Coding-System-CCF251/TP2/Lot.v Line: 72
Warning (13004): Presettable and clearable registers converted to equivalent circuits with latches. Registers power-up to an undefined state, and DEVCLRn places the registers in an undefined state.
    Warning (13310): Register "Lot:lt|state[3]" is converted into an equivalent circuit using register "Lot:lt|state[3]~_emulated" and latch "Lot:lt|state[3]~1" File: C:/Users/gabri/Documents/GitHub/Coding-System-CCF251/TP2/Lot.v Line: 72
    Warning (13310): Register "Lot:lt|state[2]" is converted into an equivalent circuit using register "Lot:lt|state[2]~_emulated" and latch "Lot:lt|state[2]~6" File: C:/Users/gabri/Documents/GitHub/Coding-System-CCF251/TP2/Lot.v Line: 72
    Warning (13310): Register "Lot:lt|state[1]" is converted into an equivalent circuit using register "Lot:lt|state[1]~_emulated" and latch "Lot:lt|state[1]~11" File: C:/Users/gabri/Documents/GitHub/Coding-System-CCF251/TP2/Lot.v Line: 72
    Warning (13310): Register "Lot:lt|state[0]" is converted into an equivalent circuit using register "Lot:lt|state[0]~_emulated" and latch "Lot:lt|state[0]~16" File: C:/Users/gabri/Documents/GitHub/Coding-System-CCF251/TP2/Lot.v Line: 72
Info (286030): Timing-Driven Synthesis is running
Info (144001): Generated suppressed messages file C:/Users/gabri/Documents/GitHub/Coding-System-CCF251/TP2/output_files/Lot.map.smsg
Info (16010): Generating hard_block partition "hard_block:auto_generated_inst"
    Info (16011): Adding 0 node(s), including 0 DDIO, 0 PLL, 0 transceiver and 0 LCELL
Info (21057): Implemented 197 device resources after synthesis - the final resource count might be different
    Info (21058): Implemented 9 input pins
    Info (21059): Implemented 42 output pins
    Info (21061): Implemented 146 logic cells
Info: Quartus Prime Analysis & Synthesis was successful. 0 errors, 70 warnings
    Info: Peak virtual memory: 4744 megabytes
    Info: Processing ended: Mon Dec 04 14:43:37 2023
    Info: Elapsed time: 00:00:12
    Info: Total CPU time (on all processors): 00:00:26


+------------------------------------------+
; Analysis & Synthesis Suppressed Messages ;
+------------------------------------------+
The suppressed messages can be found in C:/Users/gabri/Documents/GitHub/Coding-System-CCF251/TP2/output_files/Lot.map.smsg.


