#! /usr/bin/vvp
:ivl_version "12.0 (stable)";
:ivl_delay_selection "TYPICAL";
:vpi_time_precision - 12;
:vpi_module "/usr/lib64/ivl/system.vpi";
:vpi_module "/usr/lib64/ivl/vhdl_sys.vpi";
:vpi_module "/usr/lib64/ivl/vhdl_textio.vpi";
:vpi_module "/usr/lib64/ivl/v2005_math.vpi";
:vpi_module "/usr/lib64/ivl/va_math.vpi";
S_0x55df6278a9c0 .scope module, "lot_tb" "lot_tb" 2 3;
 .timescale -9 -12;
v0x55df627f5c60_0 .var "clk", 0 0;
v0x55df627f5d70_0 .var "fim", 0 0;
v0x55df627f5e80_0 .var "fim_jogo", 0 0;
v0x55df627f5f70_0 .net "gled", 3 0, v0x55df6278da10_0;  1 drivers
v0x55df627f6060_0 .net "hex0", 0 6, v0x55df6278d8a0_0;  1 drivers
v0x55df627f61a0_0 .net "hex1", 0 6, v0x55df6278db80_0;  1 drivers
v0x55df627f62b0_0 .net "hex2", 0 6, v0x55df6278d730_0;  1 drivers
v0x55df627f63c0_0 .net "hex3", 0 6, v0x55df6278d5c0_0;  1 drivers
v0x55df627f64d0_0 .var "insere", 0 0;
v0x55df627f6570_0 .net "led15", 0 0, v0x55df6278d450_0;  1 drivers
v0x55df627f6660_0 .net "ledp1", 0 1, v0x55df6278d2e0_0;  1 drivers
v0x55df627f6770_0 .net "ledp2", 0 1, v0x55df627f3050_0;  1 drivers
v0x55df627f6880_0 .var "num", 3 0;
v0x55df627f6990_0 .var "reset", 0 0;
v0x55df627f6a30_0 .net "sled", 0 0, v0x55df627f3490_0;  1 drivers
v0x55df627f6b20_0 .net "state", 3 0, v0x55df627f48e0_0;  1 drivers
S_0x55df6278ab50 .scope module, "uut" "Top" 2 15, 3 1 0, S_0x55df6278a9c0;
 .timescale 0 0;
    .port_info 0 /INPUT 1 "clk";
    .port_info 1 /INPUT 1 "fim";
    .port_info 2 /INPUT 1 "insere";
    .port_info 3 /INPUT 1 "fim_jogo";
    .port_info 4 /INPUT 1 "reset";
    .port_info 5 /INPUT 4 "num";
    .port_info 6 /OUTPUT 7 "hex0";
    .port_info 7 /OUTPUT 7 "hex1";
    .port_info 8 /OUTPUT 7 "hex2";
    .port_info 9 /OUTPUT 7 "hex3";
    .port_info 10 /OUTPUT 2 "ledp1";
    .port_info 11 /OUTPUT 2 "ledp2";
    .port_info 12 /OUTPUT 1 "led15";
    .port_info 13 /OUTPUT 1 "sled";
    .port_info 14 /OUTPUT 4 "gled";
    .port_info 15 /OUTPUT 4 "state";
v0x55df627f4ae0_0 .net "clk", 0 0, v0x55df627f5c60_0;  1 drivers
v0x55df627f4ba0_0 .net "fim", 0 0, v0x55df627f5d70_0;  1 drivers
v0x55df627f4c40_0 .net "fim_jogo", 0 0, v0x55df627f5e80_0;  1 drivers
v0x55df627f4d40_0 .net "gled", 3 0, v0x55df6278da10_0;  alias, 1 drivers
v0x55df627f4e10_0 .net "hex0", 0 6, v0x55df6278d8a0_0;  alias, 1 drivers
v0x55df627f4eb0_0 .net "hex1", 0 6, v0x55df6278db80_0;  alias, 1 drivers
v0x55df627f4f80_0 .net "hex2", 0 6, v0x55df6278d730_0;  alias, 1 drivers
v0x55df627f5050_0 .net "hex3", 0 6, v0x55df6278d5c0_0;  alias, 1 drivers
v0x55df627f5120_0 .net "insere", 0 0, v0x55df627f64d0_0;  1 drivers
v0x55df627f5280_0 .net "led15", 0 0, v0x55df6278d450_0;  alias, 1 drivers
v0x55df627f5350_0 .net "ledp1", 0 1, v0x55df6278d2e0_0;  alias, 1 drivers
v0x55df627f5420_0 .net "ledp2", 0 1, v0x55df627f3050_0;  alias, 1 drivers
v0x55df627f54f0_0 .net "num", 3 0, v0x55df627f6880_0;  1 drivers
v0x55df627f55c0_0 .net "p1", 4 0, v0x55df627f4640_0;  1 drivers
v0x55df627f5660_0 .net "p2", 4 0, v0x55df627f4700_0;  1 drivers
v0x55df627f5750_0 .net "premio", 1 0, v0x55df627f47a0_0;  1 drivers
v0x55df627f5840_0 .net "reset", 0 0, v0x55df627f6990_0;  1 drivers
v0x55df627f5930_0 .net "sled", 0 0, v0x55df627f3490_0;  alias, 1 drivers
v0x55df627f59d0_0 .net "state", 3 0, v0x55df627f48e0_0;  alias, 1 drivers
S_0x55df6274d620 .scope module, "ds" "Display" 3 21, 4 1 0, S_0x55df6278ab50;
 .timescale 0 0;
    .port_info 0 /INPUT 1 "clk";
    .port_info 1 /INPUT 1 "reset";
    .port_info 2 /INPUT 2 "premio_f";
    .port_info 3 /INPUT 5 "p1_f";
    .port_info 4 /INPUT 5 "p2_f";
    .port_info 5 /INPUT 4 "state_f";
    .port_info 6 /OUTPUT 7 "hex1";
    .port_info 7 /OUTPUT 7 "hex0";
    .port_info 8 /OUTPUT 7 "hex2";
    .port_info 9 /OUTPUT 7 "hex3";
    .port_info 10 /OUTPUT 2 "ledp1";
    .port_info 11 /OUTPUT 2 "ledp2";
    .port_info 12 /OUTPUT 1 "led15";
    .port_info 13 /OUTPUT 1 "sled";
    .port_info 14 /OUTPUT 4 "gled";
P_0x55df627d5090 .param/l "apagado" 0 4 25, C4<0000000>;
P_0x55df627d50d0 .param/l "cinco" 0 4 19, C4<0100100>;
P_0x55df627d5110 .param/l "dois" 0 4 16, C4<0010010>;
P_0x55df627d5150 .param/l "nove" 0 4 23, C4<0000100>;
P_0x55df627d5190 .param/l "oito" 0 4 22, C4<0000000>;
P_0x55df627d51d0 .param/l "quatro" 0 4 18, C4<1001100>;
P_0x55df627d5210 .param/l "s0" 0 4 27, C4<0000>;
P_0x55df627d5250 .param/l "s1" 0 4 28, C4<0001>;
P_0x55df627d5290 .param/l "s2" 0 4 29, C4<0010>;
P_0x55df627d52d0 .param/l "s3" 0 4 30, C4<0011>;
P_0x55df627d5310 .param/l "s4" 0 4 31, C4<0100>;
P_0x55df627d5350 .param/l "seis" 0 4 20, C4<0100000>;
P_0x55df627d5390 .param/l "sete" 0 4 21, C4<0001111>;
P_0x55df627d53d0 .param/l "sg0" 0 4 34, C4<0111>;
P_0x55df627d5410 .param/l "sg1" 0 4 32, C4<0101>;
P_0x55df627d5450 .param/l "sg2" 0 4 33, C4<0110>;
P_0x55df627d5490 .param/l "sgx" 0 4 35, C4<1000>;
P_0x55df627d54d0 .param/l "traco" 0 4 24, C4<1111110>;
P_0x55df627d5510 .param/l "tres" 0 4 17, C4<0000110>;
P_0x55df627d5550 .param/l "um" 0 4 15, C4<1001111>;
P_0x55df627d5590 .param/l "zero" 0 4 14, C4<0000001>;
o0x7fbff0662018 .functor BUFZ 1, C4<z>; HiZ drive
v0x55df6278d170_0 .net "clk", 0 0, o0x7fbff0662018;  0 drivers
v0x55df6278da10_0 .var "gled", 3 0;
v0x55df6278d8a0_0 .var "hex0", 0 6;
v0x55df6278db80_0 .var "hex1", 0 6;
v0x55df6278d730_0 .var "hex2", 0 6;
v0x55df6278d5c0_0 .var "hex3", 0 6;
v0x55df6278d450_0 .var "led15", 0 0;
v0x55df6278d2e0_0 .var "ledp1", 0 1;
v0x55df627f3050_0 .var "ledp2", 0 1;
v0x55df627f3130_0 .net "p1_f", 4 0, v0x55df627f4640_0;  alias, 1 drivers
v0x55df627f3210_0 .net "p2_f", 4 0, v0x55df627f4700_0;  alias, 1 drivers
v0x55df627f32f0_0 .net "premio_f", 1 0, v0x55df627f47a0_0;  alias, 1 drivers
v0x55df627f33d0_0 .net "reset", 0 0, v0x55df627f6990_0;  alias, 1 drivers
v0x55df627f3490_0 .var "sled", 0 0;
v0x55df627f3550_0 .net "state_f", 3 0, v0x55df627f48e0_0;  alias, 1 drivers
E_0x55df627a0940 .event anyedge, v0x55df627f3550_0;
E_0x55df627a3300 .event anyedge, v0x55df627f33d0_0, v0x55df627f32f0_0, v0x55df627f3130_0, v0x55df627f3210_0;
S_0x55df627f3810 .scope module, "lt" "Lot" 3 14, 5 1 0, S_0x55df6278ab50;
 .timescale 0 0;
    .port_info 0 /INPUT 1 "clk";
    .port_info 1 /INPUT 4 "num";
    .port_info 2 /INPUT 1 "reset";
    .port_info 3 /INPUT 1 "fim";
    .port_info 4 /INPUT 1 "fim_jogo";
    .port_info 5 /INPUT 1 "insere";
    .port_info 6 /OUTPUT 2 "premio";
    .port_info 7 /OUTPUT 5 "p1";
    .port_info 8 /OUTPUT 5 "p2";
    .port_info 9 /OUTPUT 4 "state";
P_0x55df627f39c0 .param/l "s0" 0 5 15, C4<0000>;
P_0x55df627f3a00 .param/l "s1" 0 5 16, C4<0001>;
P_0x55df627f3a40 .param/l "s2" 0 5 17, C4<0010>;
P_0x55df627f3a80 .param/l "s3" 0 5 18, C4<0011>;
P_0x55df627f3ac0 .param/l "s4" 0 5 19, C4<0100>;
P_0x55df627f3b00 .param/l "sg0" 0 5 22, C4<0111>;
P_0x55df627f3b40 .param/l "sg1" 0 5 20, C4<0101>;
P_0x55df627f3b80 .param/l "sg2" 0 5 21, C4<0110>;
P_0x55df627f3bc0 .param/l "sgx" 0 5 23, C4<1000>;
v0x55df627f4130_0 .var "c", 3 0;
v0x55df627f4230_0 .net "clk", 0 0, v0x55df627f5c60_0;  alias, 1 drivers
v0x55df627f42f0_0 .net "fim", 0 0, v0x55df627f5d70_0;  alias, 1 drivers
v0x55df627f4390_0 .net "fim_jogo", 0 0, v0x55df627f5e80_0;  alias, 1 drivers
v0x55df627f4450_0 .net "insere", 0 0, v0x55df627f64d0_0;  alias, 1 drivers
v0x55df627f4560_0 .net "num", 3 0, v0x55df627f6880_0;  alias, 1 drivers
v0x55df627f4640_0 .var "p1", 4 0;
v0x55df627f4700_0 .var "p2", 4 0;
v0x55df627f47a0_0 .var "premio", 1 0;
v0x55df627f4840_0 .net "reset", 0 0, v0x55df627f6990_0;  alias, 1 drivers
v0x55df627f48e0_0 .var "state", 3 0;
E_0x55df627a18f0 .event posedge, v0x55df627f42f0_0, v0x55df627f4390_0, v0x55df627f33d0_0, v0x55df627f4230_0;
    .scope S_0x55df627f3810;
T_0 ;
    %pushi/vec4 0, 0, 4;
    %assign/vec4 v0x55df627f48e0_0, 0;
    %pushi/vec4 0, 0, 2;
    %store/vec4 v0x55df627f47a0_0, 0, 2;
    %pushi/vec4 0, 0, 5;
    %store/vec4 v0x55df627f4640_0, 0, 5;
    %pushi/vec4 0, 0, 5;
    %store/vec4 v0x55df627f4700_0, 0, 5;
    %pushi/vec4 0, 0, 4;
    %store/vec4 v0x55df627f4130_0, 0, 4;
    %end;
    .thread T_0;
    .scope S_0x55df627f3810;
T_1 ;
    %wait E_0x55df627a18f0;
    %load/vec4 v0x55df627f4840_0;
    %cmpi/e 1, 0, 1;
    %jmp/0xz  T_1.0, 4;
    %pushi/vec4 0, 0, 4;
    %assign/vec4 v0x55df627f48e0_0, 0;
    %pushi/vec4 0, 0, 2;
    %assign/vec4 v0x55df627f47a0_0, 0;
    %pushi/vec4 0, 0, 5;
    %assign/vec4 v0x55df627f4640_0, 0;
    %pushi/vec4 0, 0, 5;
    %assign/vec4 v0x55df627f4700_0, 0;
    %pushi/vec4 0, 0, 4;
    %assign/vec4 v0x55df627f4130_0, 0;
    %jmp T_1.1;
T_1.0 ;
    %load/vec4 v0x55df627f4390_0;
    %cmpi/e 1, 0, 1;
    %jmp/0xz  T_1.2, 4;
    %pushi/vec4 0, 0, 4;
    %assign/vec4 v0x55df627f48e0_0, 0;
    %pushi/vec4 0, 0, 2;
    %assign/vec4 v0x55df627f47a0_0, 0;
    %pushi/vec4 0, 0, 4;
    %assign/vec4 v0x55df627f4130_0, 0;
    %jmp T_1.3;
T_1.2 ;
    %load/vec4 v0x55df627f42f0_0;
    %cmpi/e 1, 0, 1;
    %jmp/0xz  T_1.4, 4;
    %load/vec4 v0x55df627f48e0_0;
    %dup/vec4;
    %pushi/vec4 5, 0, 4;
    %cmp/u;
    %jmp/1 T_1.6, 6;
    %dup/vec4;
    %pushi/vec4 6, 0, 4;
    %cmp/u;
    %jmp/1 T_1.7, 6;
    %dup/vec4;
    %pushi/vec4 7, 0, 4;
    %cmp/u;
    %jmp/1 T_1.8, 6;
    %dup/vec4;
    %pushi/vec4 8, 0, 4;
    %cmp/u;
    %jmp/1 T_1.9, 6;
    %pushi/vec4 0, 0, 2;
    %store/vec4 v0x55df627f47a0_0, 0, 2;
    %load/vec4 v0x55df627f48e0_0;
    %assign/vec4 v0x55df627f48e0_0, 0;
    %jmp T_1.11;
T_1.6 ;
    %pushi/vec4 1, 0, 2;
    %store/vec4 v0x55df627f47a0_0, 0, 2;
    %load/vec4 v0x55df627f4640_0;
    %addi 1, 0, 5;
    %assign/vec4 v0x55df627f4640_0, 0;
    %pushi/vec4 8, 0, 4;
    %assign/vec4 v0x55df627f48e0_0, 0;
    %jmp T_1.11;
T_1.7 ;
    %pushi/vec4 2, 0, 2;
    %store/vec4 v0x55df627f47a0_0, 0, 2;
    %load/vec4 v0x55df627f4700_0;
    %addi 1, 0, 5;
    %assign/vec4 v0x55df627f4700_0, 0;
    %pushi/vec4 8, 0, 4;
    %assign/vec4 v0x55df627f48e0_0, 0;
    %jmp T_1.11;
T_1.8 ;
    %pushi/vec4 0, 0, 2;
    %store/vec4 v0x55df627f47a0_0, 0, 2;
    %pushi/vec4 8, 0, 4;
    %assign/vec4 v0x55df627f48e0_0, 0;
    %jmp T_1.11;
T_1.9 ;
    %load/vec4 v0x55df627f47a0_0;
    %assign/vec4 v0x55df627f47a0_0, 0;
    %load/vec4 v0x55df627f48e0_0;
    %assign/vec4 v0x55df627f48e0_0, 0;
    %jmp T_1.11;
T_1.11 ;
    %pop/vec4 1;
    %jmp T_1.5;
T_1.4 ;
    %load/vec4 v0x55df627f4450_0;
    %flag_set/vec4 8;
    %jmp/0xz  T_1.12, 8;
    %load/vec4 v0x55df627f48e0_0;
    %dup/vec4;
    %pushi/vec4 0, 0, 4;
    %cmp/u;
    %jmp/1 T_1.14, 6;
    %dup/vec4;
    %pushi/vec4 1, 0, 4;
    %cmp/u;
    %jmp/1 T_1.15, 6;
    %dup/vec4;
    %pushi/vec4 2, 0, 4;
    %cmp/u;
    %jmp/1 T_1.16, 6;
    %dup/vec4;
    %pushi/vec4 3, 0, 4;
    %cmp/u;
    %jmp/1 T_1.17, 6;
    %dup/vec4;
    %pushi/vec4 4, 0, 4;
    %cmp/u;
    %jmp/1 T_1.18, 6;
    %jmp T_1.19;
T_1.14 ;
    %load/vec4 v0x55df627f4560_0;
    %cmpi/e 4, 0, 4;
    %jmp/0xz  T_1.20, 4;
    %load/vec4 v0x55df627f4130_0;
    %addi 1, 0, 4;
    %assign/vec4 v0x55df627f4130_0, 0;
    %pushi/vec4 1, 0, 4;
    %assign/vec4 v0x55df627f48e0_0, 0;
    %jmp T_1.21;
T_1.20 ;
    %load/vec4 v0x55df627f4560_0;
    %cmpi/ne 4, 0, 4;
    %flag_get/vec4 4;
    %jmp/0 T_1.24, 4;
    %load/vec4 v0x55df627f4560_0;
    %cmpi/u 10, 0, 4;
    %flag_get/vec4 5;
    %and;
T_1.24;
    %flag_set/vec4 8;
    %jmp/0xz  T_1.22, 8;
    %pushi/vec4 0, 0, 4;
    %assign/vec4 v0x55df627f4130_0, 0;
    %pushi/vec4 1, 0, 4;
    %assign/vec4 v0x55df627f48e0_0, 0;
    %jmp T_1.23;
T_1.22 ;
    %load/vec4 v0x55df627f4560_0;
    %cmpi/u 9, 0, 4;
    %flag_or 5, 4; GT is !LE
    %flag_inv 5;
    %jmp/0xz  T_1.25, 5;
    %pushi/vec4 8, 0, 4;
    %assign/vec4 v0x55df627f48e0_0, 0;
T_1.25 ;
T_1.23 ;
T_1.21 ;
    %jmp T_1.19;
T_1.15 ;
    %load/vec4 v0x55df627f4560_0;
    %cmpi/e 7, 0, 4;
    %jmp/0xz  T_1.27, 4;
    %load/vec4 v0x55df627f4130_0;
    %addi 1, 0, 4;
    %assign/vec4 v0x55df627f4130_0, 0;
    %pushi/vec4 2, 0, 4;
    %assign/vec4 v0x55df627f48e0_0, 0;
    %jmp T_1.28;
T_1.27 ;
    %load/vec4 v0x55df627f4560_0;
    %cmpi/ne 7, 0, 4;
    %flag_get/vec4 4;
    %jmp/0 T_1.31, 4;
    %load/vec4 v0x55df627f4560_0;
    %cmpi/u 10, 0, 4;
    %flag_get/vec4 5;
    %and;
T_1.31;
    %flag_set/vec4 8;
    %jmp/0xz  T_1.29, 8;
    %pushi/vec4 0, 0, 4;
    %assign/vec4 v0x55df627f4130_0, 0;
    %pushi/vec4 2, 0, 4;
    %assign/vec4 v0x55df627f48e0_0, 0;
    %jmp T_1.30;
T_1.29 ;
    %load/vec4 v0x55df627f4560_0;
    %cmpi/u 9, 0, 4;
    %flag_or 5, 4; GT is !LE
    %flag_inv 5;
    %jmp/0xz  T_1.32, 5;
    %pushi/vec4 8, 0, 4;
    %assign/vec4 v0x55df627f48e0_0, 0;
T_1.32 ;
T_1.30 ;
T_1.28 ;
    %jmp T_1.19;
T_1.16 ;
    %load/vec4 v0x55df627f4560_0;
    %cmpi/e 0, 0, 4;
    %jmp/0xz  T_1.34, 4;
    %load/vec4 v0x55df627f4130_0;
    %addi 1, 0, 4;
    %assign/vec4 v0x55df627f4130_0, 0;
    %pushi/vec4 3, 0, 4;
    %assign/vec4 v0x55df627f48e0_0, 0;
    %jmp T_1.35;
T_1.34 ;
    %load/vec4 v0x55df627f4560_0;
    %cmpi/ne 0, 0, 4;
    %flag_get/vec4 4;
    %jmp/0 T_1.38, 4;
    %load/vec4 v0x55df627f4560_0;
    %cmpi/u 10, 0, 4;
    %flag_get/vec4 5;
    %and;
T_1.38;
    %flag_set/vec4 8;
    %jmp/0xz  T_1.36, 8;
    %load/vec4 v0x55df627f4130_0;
    %pad/u 32;
    %cmpi/u 2, 0, 32;
    %flag_inv 5; GE is !LT
    %jmp/0xz  T_1.39, 5;
    %pushi/vec4 3, 0, 4;
    %assign/vec4 v0x55df627f48e0_0, 0;
    %jmp T_1.40;
T_1.39 ;
    %load/vec4 v0x55df627f4560_0;
    %cmpi/u 9, 0, 4;
    %flag_or 5, 4; GT is !LE
    %flag_inv 5;
    %jmp/0xz  T_1.41, 5;
    %pushi/vec4 8, 0, 4;
    %assign/vec4 v0x55df627f48e0_0, 0;
    %jmp T_1.42;
T_1.41 ;
    %pushi/vec4 0, 0, 4;
    %assign/vec4 v0x55df627f4130_0, 0;
    %pushi/vec4 3, 0, 4;
    %assign/vec4 v0x55df627f48e0_0, 0;
T_1.42 ;
T_1.40 ;
T_1.36 ;
T_1.35 ;
    %jmp T_1.19;
T_1.17 ;
    %load/vec4 v0x55df627f4560_0;
    %cmpi/e 1, 0, 4;
    %jmp/0xz  T_1.43, 4;
    %load/vec4 v0x55df627f4130_0;
    %pad/u 32;
    %cmpi/u 3, 0, 32;
    %flag_inv 5; GE is !LT
    %jmp/0xz  T_1.45, 5;
    %pushi/vec4 5, 0, 4;
    %assign/vec4 v0x55df627f48e0_0, 0;
    %jmp T_1.46;
T_1.45 ;
    %load/vec4 v0x55df627f4130_0;
    %addi 1, 0, 4;
    %assign/vec4 v0x55df627f4130_0, 0;
    %pushi/vec4 4, 0, 4;
    %assign/vec4 v0x55df627f48e0_0, 0;
T_1.46 ;
    %jmp T_1.44;
T_1.43 ;
    %load/vec4 v0x55df627f4560_0;
    %cmpi/ne 0, 0, 4;
    %flag_get/vec4 4;
    %jmp/0 T_1.49, 4;
    %load/vec4 v0x55df627f4560_0;
    %cmpi/u 10, 0, 4;
    %flag_get/vec4 5;
    %and;
T_1.49;
    %flag_set/vec4 8;
    %jmp/0xz  T_1.47, 8;
    %load/vec4 v0x55df627f4130_0;
    %pad/u 32;
    %cmpi/u 2, 0, 32;
    %flag_inv 5; GE is !LT
    %jmp/0xz  T_1.50, 5;
    %pushi/vec4 4, 0, 4;
    %assign/vec4 v0x55df627f48e0_0, 0;
    %jmp T_1.51;
T_1.50 ;
    %load/vec4 v0x55df627f4560_0;
    %cmpi/u 9, 0, 4;
    %flag_or 5, 4; GT is !LE
    %flag_inv 5;
    %jmp/0xz  T_1.52, 5;
    %pushi/vec4 8, 0, 4;
    %assign/vec4 v0x55df627f48e0_0, 0;
    %jmp T_1.53;
T_1.52 ;
    %pushi/vec4 0, 0, 4;
    %assign/vec4 v0x55df627f4130_0, 0;
    %pushi/vec4 4, 0, 4;
    %assign/vec4 v0x55df627f48e0_0, 0;
T_1.53 ;
T_1.51 ;
T_1.47 ;
T_1.44 ;
    %jmp T_1.19;
T_1.18 ;
    %load/vec4 v0x55df627f4130_0;
    %dup/vec4;
    %pushi/vec4 2, 0, 4;
    %cmp/u;
    %jmp/1 T_1.54, 6;
    %dup/vec4;
    %pushi/vec4 3, 0, 4;
    %cmp/u;
    %jmp/1 T_1.55, 6;
    %pushi/vec4 7, 0, 4;
    %assign/vec4 v0x55df627f48e0_0, 0;
    %jmp T_1.57;
T_1.54 ;
    %load/vec4 v0x55df627f4450_0;
    %flag_set/vec4 9;
    %flag_get/vec4 9;
    %jmp/0 T_1.60, 9;
    %load/vec4 v0x55df627f4560_0;
    %pushi/vec4 9, 0, 4;
    %cmp/e;
    %flag_get/vec4 4;
    %and;
T_1.60;
    %flag_set/vec4 8;
    %jmp/0xz  T_1.58, 8;
    %pushi/vec4 6, 0, 4;
    %assign/vec4 v0x55df627f48e0_0, 0;
    %jmp T_1.59;
T_1.58 ;
    %load/vec4 v0x55df627f4450_0;
    %flag_set/vec4 9;
    %flag_get/vec4 9;
    %jmp/0 T_1.63, 9;
    %load/vec4 v0x55df627f4560_0;
    %pushi/vec4 9, 0, 4;
    %cmp/ne;
    %flag_get/vec4 4;
    %and;
T_1.63;
    %flag_set/vec4 8;
    %jmp/0xz  T_1.61, 8;
    %pushi/vec4 7, 0, 4;
    %assign/vec4 v0x55df627f48e0_0, 0;
T_1.61 ;
T_1.59 ;
    %jmp T_1.57;
T_1.55 ;
    %load/vec4 v0x55df627f4450_0;
    %flag_set/vec4 9;
    %flag_get/vec4 9;
    %jmp/0 T_1.66, 9;
    %load/vec4 v0x55df627f4560_0;
    %pushi/vec4 9, 0, 4;
    %cmp/e;
    %flag_get/vec4 4;
    %and;
T_1.66;
    %flag_set/vec4 8;
    %jmp/0xz  T_1.64, 8;
    %pushi/vec4 5, 0, 4;
    %assign/vec4 v0x55df627f48e0_0, 0;
    %jmp T_1.65;
T_1.64 ;
    %load/vec4 v0x55df627f4450_0;
    %flag_set/vec4 9;
    %flag_get/vec4 9;
    %jmp/0 T_1.69, 9;
    %load/vec4 v0x55df627f4560_0;
    %pushi/vec4 9, 0, 4;
    %cmp/ne;
    %flag_get/vec4 4;
    %and;
T_1.69;
    %flag_set/vec4 8;
    %jmp/0xz  T_1.67, 8;
    %pushi/vec4 7, 0, 4;
    %assign/vec4 v0x55df627f48e0_0, 0;
T_1.67 ;
T_1.65 ;
    %jmp T_1.57;
T_1.57 ;
    %pop/vec4 1;
    %jmp T_1.19;
T_1.19 ;
    %pop/vec4 1;
T_1.12 ;
T_1.5 ;
T_1.3 ;
T_1.1 ;
    %jmp T_1;
    .thread T_1;
    .scope S_0x55df6274d620;
T_2 ;
    %pushi/vec4 0, 0, 2;
    %store/vec4 v0x55df6278d2e0_0, 0, 2;
    %pushi/vec4 0, 0, 2;
    %store/vec4 v0x55df627f3050_0, 0, 2;
    %pushi/vec4 126, 0, 7;
    %store/vec4 v0x55df6278d5c0_0, 0, 7;
    %pushi/vec4 126, 0, 7;
    %store/vec4 v0x55df6278d730_0, 0, 7;
    %pushi/vec4 126, 0, 7;
    %store/vec4 v0x55df6278d8a0_0, 0, 7;
    %pushi/vec4 126, 0, 7;
    %store/vec4 v0x55df6278db80_0, 0, 7;
    %end;
    .thread T_2;
    .scope S_0x55df6274d620;
T_3 ;
    %wait E_0x55df627a3300;
    %load/vec4 v0x55df627f33d0_0;
    %cmpi/e 1, 0, 1;
    %jmp/0xz  T_3.0, 4;
    %pushi/vec4 0, 0, 2;
    %store/vec4 v0x55df6278d2e0_0, 0, 2;
    %pushi/vec4 0, 0, 2;
    %store/vec4 v0x55df627f3050_0, 0, 2;
    %pushi/vec4 126, 0, 7;
    %store/vec4 v0x55df6278d5c0_0, 0, 7;
    %pushi/vec4 126, 0, 7;
    %store/vec4 v0x55df6278d730_0, 0, 7;
    %pushi/vec4 126, 0, 7;
    %store/vec4 v0x55df6278d8a0_0, 0, 7;
    %pushi/vec4 126, 0, 7;
    %store/vec4 v0x55df6278db80_0, 0, 7;
T_3.0 ;
    %load/vec4 v0x55df627f32f0_0;
    %dup/vec4;
    %pushi/vec4 1, 0, 2;
    %cmp/u;
    %jmp/1 T_3.2, 6;
    %dup/vec4;
    %pushi/vec4 2, 0, 2;
    %cmp/u;
    %jmp/1 T_3.3, 6;
    %dup/vec4;
    %pushi/vec4 0, 0, 2;
    %cmp/u;
    %jmp/1 T_3.4, 6;
    %jmp T_3.5;
T_3.2 ;
    %pushi/vec4 3, 0, 2;
    %store/vec4 v0x55df6278d2e0_0, 0, 2;
    %pushi/vec4 0, 0, 2;
    %store/vec4 v0x55df627f3050_0, 0, 2;
    %load/vec4 v0x55df627f3130_0;
    %dup/vec4;
    %pushi/vec4 0, 0, 5;
    %cmp/u;
    %jmp/1 T_3.6, 6;
    %dup/vec4;
    %pushi/vec4 1, 0, 5;
    %cmp/u;
    %jmp/1 T_3.7, 6;
    %dup/vec4;
    %pushi/vec4 2, 0, 5;
    %cmp/u;
    %jmp/1 T_3.8, 6;
    %dup/vec4;
    %pushi/vec4 3, 0, 5;
    %cmp/u;
    %jmp/1 T_3.9, 6;
    %dup/vec4;
    %pushi/vec4 4, 0, 5;
    %cmp/u;
    %jmp/1 T_3.10, 6;
    %dup/vec4;
    %pushi/vec4 5, 0, 5;
    %cmp/u;
    %jmp/1 T_3.11, 6;
    %dup/vec4;
    %pushi/vec4 6, 0, 5;
    %cmp/u;
    %jmp/1 T_3.12, 6;
    %dup/vec4;
    %pushi/vec4 7, 0, 5;
    %cmp/u;
    %jmp/1 T_3.13, 6;
    %dup/vec4;
    %pushi/vec4 8, 0, 5;
    %cmp/u;
    %jmp/1 T_3.14, 6;
    %dup/vec4;
    %pushi/vec4 9, 0, 5;
    %cmp/u;
    %jmp/1 T_3.15, 6;
    %jmp T_3.16;
T_3.6 ;
    %pushi/vec4 1, 0, 7;
    %store/vec4 v0x55df6278db80_0, 0, 7;
    %pushi/vec4 1, 0, 7;
    %store/vec4 v0x55df6278d8a0_0, 0, 7;
    %jmp T_3.16;
T_3.7 ;
    %pushi/vec4 1, 0, 7;
    %store/vec4 v0x55df6278db80_0, 0, 7;
    %pushi/vec4 79, 0, 7;
    %store/vec4 v0x55df6278d8a0_0, 0, 7;
    %jmp T_3.16;
T_3.8 ;
    %pushi/vec4 1, 0, 7;
    %store/vec4 v0x55df6278db80_0, 0, 7;
    %pushi/vec4 18, 0, 7;
    %store/vec4 v0x55df6278d8a0_0, 0, 7;
    %jmp T_3.16;
T_3.9 ;
    %pushi/vec4 1, 0, 7;
    %store/vec4 v0x55df6278db80_0, 0, 7;
    %pushi/vec4 6, 0, 7;
    %store/vec4 v0x55df6278d8a0_0, 0, 7;
    %jmp T_3.16;
T_3.10 ;
    %pushi/vec4 1, 0, 7;
    %store/vec4 v0x55df6278db80_0, 0, 7;
    %pushi/vec4 76, 0, 7;
    %store/vec4 v0x55df6278d8a0_0, 0, 7;
    %jmp T_3.16;
T_3.11 ;
    %pushi/vec4 1, 0, 7;
    %store/vec4 v0x55df6278db80_0, 0, 7;
    %pushi/vec4 36, 0, 7;
    %store/vec4 v0x55df6278d8a0_0, 0, 7;
    %jmp T_3.16;
T_3.12 ;
    %pushi/vec4 1, 0, 7;
    %store/vec4 v0x55df6278db80_0, 0, 7;
    %pushi/vec4 32, 0, 7;
    %store/vec4 v0x55df6278d8a0_0, 0, 7;
    %jmp T_3.16;
T_3.13 ;
    %pushi/vec4 1, 0, 7;
    %store/vec4 v0x55df6278db80_0, 0, 7;
    %pushi/vec4 15, 0, 7;
    %store/vec4 v0x55df6278d8a0_0, 0, 7;
    %jmp T_3.16;
T_3.14 ;
    %pushi/vec4 1, 0, 7;
    %store/vec4 v0x55df6278db80_0, 0, 7;
    %pushi/vec4 0, 0, 7;
    %store/vec4 v0x55df6278d8a0_0, 0, 7;
    %jmp T_3.16;
T_3.15 ;
    %pushi/vec4 1, 0, 7;
    %store/vec4 v0x55df6278db80_0, 0, 7;
    %pushi/vec4 4, 0, 7;
    %store/vec4 v0x55df6278d8a0_0, 0, 7;
    %jmp T_3.16;
T_3.16 ;
    %pop/vec4 1;
    %jmp T_3.5;
T_3.3 ;
    %pushi/vec4 0, 0, 2;
    %store/vec4 v0x55df6278d2e0_0, 0, 2;
    %pushi/vec4 3, 0, 2;
    %store/vec4 v0x55df627f3050_0, 0, 2;
    %load/vec4 v0x55df627f3210_0;
    %dup/vec4;
    %pushi/vec4 0, 0, 5;
    %cmp/u;
    %jmp/1 T_3.17, 6;
    %dup/vec4;
    %pushi/vec4 1, 0, 5;
    %cmp/u;
    %jmp/1 T_3.18, 6;
    %dup/vec4;
    %pushi/vec4 2, 0, 5;
    %cmp/u;
    %jmp/1 T_3.19, 6;
    %dup/vec4;
    %pushi/vec4 3, 0, 5;
    %cmp/u;
    %jmp/1 T_3.20, 6;
    %dup/vec4;
    %pushi/vec4 4, 0, 5;
    %cmp/u;
    %jmp/1 T_3.21, 6;
    %dup/vec4;
    %pushi/vec4 5, 0, 5;
    %cmp/u;
    %jmp/1 T_3.22, 6;
    %dup/vec4;
    %pushi/vec4 6, 0, 5;
    %cmp/u;
    %jmp/1 T_3.23, 6;
    %dup/vec4;
    %pushi/vec4 7, 0, 5;
    %cmp/u;
    %jmp/1 T_3.24, 6;
    %dup/vec4;
    %pushi/vec4 8, 0, 5;
    %cmp/u;
    %jmp/1 T_3.25, 6;
    %dup/vec4;
    %pushi/vec4 9, 0, 5;
    %cmp/u;
    %jmp/1 T_3.26, 6;
    %jmp T_3.27;
T_3.17 ;
    %pushi/vec4 1, 0, 7;
    %store/vec4 v0x55df6278d5c0_0, 0, 7;
    %pushi/vec4 1, 0, 7;
    %store/vec4 v0x55df6278d730_0, 0, 7;
    %jmp T_3.27;
T_3.18 ;
    %pushi/vec4 1, 0, 7;
    %store/vec4 v0x55df6278d5c0_0, 0, 7;
    %pushi/vec4 79, 0, 7;
    %store/vec4 v0x55df6278d730_0, 0, 7;
    %jmp T_3.27;
T_3.19 ;
    %pushi/vec4 1, 0, 7;
    %store/vec4 v0x55df6278d5c0_0, 0, 7;
    %pushi/vec4 18, 0, 7;
    %store/vec4 v0x55df6278d730_0, 0, 7;
    %jmp T_3.27;
T_3.20 ;
    %pushi/vec4 1, 0, 7;
    %store/vec4 v0x55df6278d5c0_0, 0, 7;
    %pushi/vec4 6, 0, 7;
    %store/vec4 v0x55df6278d730_0, 0, 7;
    %jmp T_3.27;
T_3.21 ;
    %pushi/vec4 1, 0, 7;
    %store/vec4 v0x55df6278d5c0_0, 0, 7;
    %pushi/vec4 76, 0, 7;
    %store/vec4 v0x55df6278d730_0, 0, 7;
    %jmp T_3.27;
T_3.22 ;
    %pushi/vec4 1, 0, 7;
    %store/vec4 v0x55df6278d5c0_0, 0, 7;
    %pushi/vec4 36, 0, 7;
    %store/vec4 v0x55df6278d730_0, 0, 7;
    %jmp T_3.27;
T_3.23 ;
    %pushi/vec4 1, 0, 7;
    %store/vec4 v0x55df6278d5c0_0, 0, 7;
    %pushi/vec4 32, 0, 7;
    %store/vec4 v0x55df6278d730_0, 0, 7;
    %jmp T_3.27;
T_3.24 ;
    %pushi/vec4 1, 0, 7;
    %store/vec4 v0x55df6278d5c0_0, 0, 7;
    %pushi/vec4 15, 0, 7;
    %store/vec4 v0x55df6278d730_0, 0, 7;
    %jmp T_3.27;
T_3.25 ;
    %pushi/vec4 1, 0, 7;
    %store/vec4 v0x55df6278d5c0_0, 0, 7;
    %pushi/vec4 0, 0, 7;
    %store/vec4 v0x55df6278d730_0, 0, 7;
    %jmp T_3.27;
T_3.26 ;
    %pushi/vec4 1, 0, 7;
    %store/vec4 v0x55df6278d5c0_0, 0, 7;
    %pushi/vec4 4, 0, 7;
    %store/vec4 v0x55df6278d730_0, 0, 7;
    %jmp T_3.27;
T_3.27 ;
    %pop/vec4 1;
    %jmp T_3.5;
T_3.4 ;
    %pushi/vec4 0, 0, 2;
    %store/vec4 v0x55df6278d2e0_0, 0, 2;
    %pushi/vec4 0, 0, 2;
    %store/vec4 v0x55df627f3050_0, 0, 2;
    %jmp T_3.5;
T_3.5 ;
    %pop/vec4 1;
    %jmp T_3;
    .thread T_3, $push;
    .scope S_0x55df6274d620;
T_4 ;
    %wait E_0x55df627a0940;
    %load/vec4 v0x55df627f3550_0;
    %assign/vec4 v0x55df6278da10_0, 0;
    %load/vec4 v0x55df627f3550_0;
    %cmpi/e 0, 0, 4;
    %jmp/0xz  T_4.0, 4;
    %pushi/vec4 1, 0, 1;
    %assign/vec4 v0x55df627f3490_0, 0;
    %jmp T_4.1;
T_4.0 ;
    %load/vec4 v0x55df627f3490_0;
    %inv;
    %assign/vec4 v0x55df627f3490_0, 0;
T_4.1 ;
    %load/vec4 v0x55df627f3550_0;
    %cmpi/e 4, 0, 4;
    %jmp/0xz  T_4.2, 4;
    %pushi/vec4 1, 0, 1;
    %assign/vec4 v0x55df6278d450_0, 0;
    %jmp T_4.3;
T_4.2 ;
    %pushi/vec4 0, 0, 1;
    %assign/vec4 v0x55df6278d450_0, 0;
T_4.3 ;
    %jmp T_4;
    .thread T_4, $push;
    .scope S_0x55df6278a9c0;
T_5 ;
    %vpi_call 2 46 "$dumpfile", "teste_tp2_gtk.vcd" {0 0 0};
    %vpi_call 2 47 "$dumpvars" {0 0 0};
    %pushi/vec4 0, 0, 1;
    %store/vec4 v0x55df627f5c60_0, 0, 1;
    %pushi/vec4 1, 0, 1;
    %store/vec4 v0x55df627f6990_0, 0, 1;
    %pushi/vec4 0, 0, 1;
    %store/vec4 v0x55df627f64d0_0, 0, 1;
    %pushi/vec4 0, 0, 1;
    %store/vec4 v0x55df627f5d70_0, 0, 1;
    %pushi/vec4 0, 0, 1;
    %store/vec4 v0x55df627f5e80_0, 0, 1;
    %delay 10000, 0;
    %pushi/vec4 0, 0, 1;
    %store/vec4 v0x55df627f6990_0, 0, 1;
    %delay 10000, 0;
    %pushi/vec4 1, 0, 1;
    %store/vec4 v0x55df627f64d0_0, 0, 1;
    %pushi/vec4 4, 0, 4;
    %store/vec4 v0x55df627f6880_0, 0, 4;
    %delay 10000, 0;
    %pushi/vec4 7, 0, 4;
    %store/vec4 v0x55df627f6880_0, 0, 4;
    %delay 10000, 0;
    %pushi/vec4 0, 0, 4;
    %store/vec4 v0x55df627f6880_0, 0, 4;
    %delay 10000, 0;
    %pushi/vec4 1, 0, 4;
    %store/vec4 v0x55df627f6880_0, 0, 4;
    %delay 10000, 0;
    %pushi/vec4 0, 0, 4;
    %store/vec4 v0x55df627f6880_0, 0, 4;
    %delay 10000, 0;
    %pushi/vec4 0, 0, 1;
    %store/vec4 v0x55df627f64d0_0, 0, 1;
    %pushi/vec4 1, 0, 1;
    %store/vec4 v0x55df627f5d70_0, 0, 1;
    %delay 10000, 0;
    %pushi/vec4 0, 0, 1;
    %store/vec4 v0x55df627f5d70_0, 0, 1;
    %vpi_call 2 64 "$display", "Premio sorteado: %d, Quantidade de P1: %d, Quantidade de P2: %d", v0x55df627f5750_0, v0x55df627f55c0_0, v0x55df627f5660_0 {0 0 0};
    %pushi/vec4 1, 0, 1;
    %store/vec4 v0x55df627f5e80_0, 0, 1;
    %delay 10000, 0;
    %pushi/vec4 0, 0, 1;
    %store/vec4 v0x55df627f5e80_0, 0, 1;
    %delay 10000, 0;
    %pushi/vec4 1, 0, 1;
    %store/vec4 v0x55df627f64d0_0, 0, 1;
    %pushi/vec4 6, 0, 4;
    %store/vec4 v0x55df627f6880_0, 0, 4;
    %delay 10000, 0;
    %pushi/vec4 7, 0, 4;
    %store/vec4 v0x55df627f6880_0, 0, 4;
    %delay 10000, 0;
    %pushi/vec4 0, 0, 4;
    %store/vec4 v0x55df627f6880_0, 0, 4;
    %delay 10000, 0;
    %pushi/vec4 3, 0, 4;
    %store/vec4 v0x55df627f6880_0, 0, 4;
    %delay 10000, 0;
    %pushi/vec4 9, 0, 4;
    %store/vec4 v0x55df627f6880_0, 0, 4;
    %delay 10000, 0;
    %pushi/vec4 0, 0, 1;
    %store/vec4 v0x55df627f64d0_0, 0, 1;
    %delay 10000, 0;
    %pushi/vec4 1, 0, 1;
    %store/vec4 v0x55df627f5d70_0, 0, 1;
    %delay 10000, 0;
    %pushi/vec4 0, 0, 1;
    %store/vec4 v0x55df627f5d70_0, 0, 1;
    %vpi_call 2 78 "$display", "Premio sorteado: %d, Quantidade de P1: %d, Quantidade de P2: %d", v0x55df627f5750_0, v0x55df627f55c0_0, v0x55df627f5660_0 {0 0 0};
    %pushi/vec4 1, 0, 1;
    %store/vec4 v0x55df627f5e80_0, 0, 1;
    %delay 10000, 0;
    %pushi/vec4 0, 0, 1;
    %store/vec4 v0x55df627f5e80_0, 0, 1;
    %delay 10000, 0;
    %pushi/vec4 1, 0, 1;
    %store/vec4 v0x55df627f64d0_0, 0, 1;
    %pushi/vec4 4, 0, 4;
    %store/vec4 v0x55df627f6880_0, 0, 4;
    %delay 10000, 0;
    %pushi/vec4 7, 0, 4;
    %store/vec4 v0x55df627f6880_0, 0, 4;
    %delay 10000, 0;
    %pushi/vec4 0, 0, 4;
    %store/vec4 v0x55df627f6880_0, 0, 4;
    %delay 10000, 0;
    %pushi/vec4 2, 0, 4;
    %store/vec4 v0x55df627f6880_0, 0, 4;
    %delay 10000, 0;
    %pushi/vec4 9, 0, 4;
    %store/vec4 v0x55df627f6880_0, 0, 4;
    %delay 10000, 0;
    %pushi/vec4 0, 0, 1;
    %store/vec4 v0x55df627f64d0_0, 0, 1;
    %delay 10000, 0;
    %pushi/vec4 1, 0, 1;
    %store/vec4 v0x55df627f5d70_0, 0, 1;
    %delay 10000, 0;
    %pushi/vec4 0, 0, 1;
    %store/vec4 v0x55df627f5d70_0, 0, 1;
    %vpi_call 2 92 "$display", "Premio sorteado: %d, Quantidade de P1: %d, Quantidade de P2: %d", v0x55df627f5750_0, v0x55df627f55c0_0, v0x55df627f5660_0 {0 0 0};
    %pushi/vec4 1, 0, 1;
    %store/vec4 v0x55df627f5e80_0, 0, 1;
    %delay 10000, 0;
    %pushi/vec4 0, 0, 1;
    %store/vec4 v0x55df627f5e80_0, 0, 1;
    %delay 10000, 0;
    %pushi/vec4 1, 0, 1;
    %store/vec4 v0x55df627f64d0_0, 0, 1;
    %pushi/vec4 2, 0, 4;
    %store/vec4 v0x55df627f6880_0, 0, 4;
    %delay 10000, 0;
    %pushi/vec4 3, 0, 4;
    %store/vec4 v0x55df627f6880_0, 0, 4;
    %delay 10000, 0;
    %pushi/vec4 1, 0, 4;
    %store/vec4 v0x55df627f6880_0, 0, 4;
    %delay 10000, 0;
    %pushi/vec4 1, 0, 4;
    %store/vec4 v0x55df627f6880_0, 0, 4;
    %delay 10000, 0;
    %pushi/vec4 9, 0, 4;
    %store/vec4 v0x55df627f6880_0, 0, 4;
    %delay 10000, 0;
    %pushi/vec4 0, 0, 1;
    %store/vec4 v0x55df627f64d0_0, 0, 1;
    %delay 10000, 0;
    %pushi/vec4 1, 0, 1;
    %store/vec4 v0x55df627f5d70_0, 0, 1;
    %delay 10000, 0;
    %pushi/vec4 0, 0, 1;
    %store/vec4 v0x55df627f5d70_0, 0, 1;
    %vpi_call 2 106 "$display", "Premio sorteado: %d, Quantidade de P1: %d, Quantidade de P2: %d", v0x55df627f5750_0, v0x55df627f55c0_0, v0x55df627f5660_0 {0 0 0};
    %pushi/vec4 1, 0, 1;
    %store/vec4 v0x55df627f5e80_0, 0, 1;
    %delay 10000, 0;
    %pushi/vec4 0, 0, 1;
    %store/vec4 v0x55df627f5e80_0, 0, 1;
    %delay 10000, 0;
    %pushi/vec4 1, 0, 1;
    %store/vec4 v0x55df627f64d0_0, 0, 1;
    %pushi/vec4 2, 0, 4;
    %store/vec4 v0x55df627f6880_0, 0, 4;
    %delay 10000, 0;
    %pushi/vec4 3, 0, 4;
    %store/vec4 v0x55df627f6880_0, 0, 4;
    %delay 10000, 0;
    %pushi/vec4 1, 0, 4;
    %store/vec4 v0x55df627f6880_0, 0, 4;
    %delay 10000, 0;
    %pushi/vec4 1, 0, 4;
    %store/vec4 v0x55df627f6880_0, 0, 4;
    %delay 10000, 0;
    %pushi/vec4 9, 0, 4;
    %store/vec4 v0x55df627f6880_0, 0, 4;
    %delay 10000, 0;
    %pushi/vec4 0, 0, 1;
    %store/vec4 v0x55df627f64d0_0, 0, 1;
    %delay 10000, 0;
    %pushi/vec4 1, 0, 1;
    %store/vec4 v0x55df627f5d70_0, 0, 1;
    %delay 10000, 0;
    %pushi/vec4 0, 0, 1;
    %store/vec4 v0x55df627f5d70_0, 0, 1;
    %vpi_call 2 120 "$display", "Premio sorteado: %d, Quantidade de P1: %d, Quantidade de P2: %d", v0x55df627f5750_0, v0x55df627f55c0_0, v0x55df627f5660_0 {0 0 0};
    %pushi/vec4 1, 0, 1;
    %store/vec4 v0x55df627f5e80_0, 0, 1;
    %delay 10000, 0;
    %pushi/vec4 0, 0, 1;
    %store/vec4 v0x55df627f5e80_0, 0, 1;
    %delay 10000, 0;
    %pushi/vec4 1, 0, 1;
    %store/vec4 v0x55df627f64d0_0, 0, 1;
    %pushi/vec4 1, 0, 4;
    %store/vec4 v0x55df627f6880_0, 0, 4;
    %delay 10000, 0;
    %pushi/vec4 7, 0, 4;
    %store/vec4 v0x55df627f6880_0, 0, 4;
    %delay 10000, 0;
    %pushi/vec4 0, 0, 4;
    %store/vec4 v0x55df627f6880_0, 0, 4;
    %delay 10000, 0;
    %pushi/vec4 1, 0, 4;
    %store/vec4 v0x55df627f6880_0, 0, 4;
    %delay 10000, 0;
    %pushi/vec4 1, 0, 4;
    %store/vec4 v0x55df627f6880_0, 0, 4;
    %delay 10000, 0;
    %pushi/vec4 0, 0, 1;
    %store/vec4 v0x55df627f64d0_0, 0, 1;
    %delay 10000, 0;
    %pushi/vec4 1, 0, 1;
    %store/vec4 v0x55df627f5d70_0, 0, 1;
    %delay 10000, 0;
    %pushi/vec4 0, 0, 1;
    %store/vec4 v0x55df627f5d70_0, 0, 1;
    %vpi_call 2 134 "$display", "Premio sorteado: %d, Quantidade de P1: %d, Quantidade de P2: %d", v0x55df627f5750_0, v0x55df627f55c0_0, v0x55df627f5660_0 {0 0 0};
    %pushi/vec4 1, 0, 1;
    %store/vec4 v0x55df627f5e80_0, 0, 1;
    %delay 10000, 0;
    %pushi/vec4 1, 0, 1;
    %store/vec4 v0x55df627f6990_0, 0, 1;
    %vpi_call 2 140 "$stop" {0 0 0};
    %end;
    .thread T_5;
    .scope S_0x55df6278a9c0;
T_6 ;
    %delay 5000, 0;
    %load/vec4 v0x55df627f5c60_0;
    %inv;
    %store/vec4 v0x55df627f5c60_0, 0, 1;
    %jmp T_6;
    .thread T_6;
# The file index is used to find the file name in the following table.
:file_names 6;
    "N/A";
    "<interactive>";
    "lot_tb.v";
    "Top.v";
    "Display.v";
    "Lot.v";
