#! /usr/bin/vvp
:ivl_version "12.0 (stable)";
:ivl_delay_selection "TYPICAL";
:vpi_time_precision - 10;
:vpi_module "/usr/lib64/ivl/system.vpi";
:vpi_module "/usr/lib64/ivl/vhdl_sys.vpi";
:vpi_module "/usr/lib64/ivl/vhdl_textio.vpi";
:vpi_module "/usr/lib64/ivl/v2005_math.vpi";
:vpi_module "/usr/lib64/ivl/va_math.vpi";
S_0x5557327c7720 .scope module, "TesteBench" "TesteBench" 2 3;
 .timescale -9 -10;
v0x5557327e6220_0 .var "a", 0 0;
v0x5557327e62e0_0 .var "b", 0 0;
v0x5557327e63b0_0 .var "c", 0 0;
v0x5557327e64b0_0 .var "clk", 0 0;
v0x5557327e6550_0 .var "d", 0 0;
v0x5557327e65f0_0 .var "ready", 0 0;
v0x5557327e66c0_0 .var "reset", 0 0;
v0x5557327e6790_0 .net "s0", 0 0, v0x5557327e5bb0_0;  1 drivers
v0x5557327e6860_0 .net "s1", 0 0, v0x5557327e5cc0_0;  1 drivers
v0x5557327e6930_0 .net "s2", 0 0, v0x5557327e5d80_0;  1 drivers
v0x5557327e6a00_0 .net "s3", 0 0, v0x5557327e5e40_0;  1 drivers
S_0x5557327b78b0 .scope module, "tb" "Codificador" 2 8, 3 6 0, S_0x5557327c7720;
 .timescale 0 0;
    .port_info 0 /INPUT 1 "A";
    .port_info 1 /INPUT 1 "B";
    .port_info 2 /INPUT 1 "C";
    .port_info 3 /INPUT 1 "D";
    .port_info 4 /INPUT 1 "ready";
    .port_info 5 /INPUT 1 "reset";
    .port_info 6 /OUTPUT 1 "S0";
    .port_info 7 /OUTPUT 1 "S1";
    .port_info 8 /OUTPUT 1 "S2";
    .port_info 9 /OUTPUT 1 "S3";
v0x5557327b7b90_0 .net "A", 0 0, v0x5557327e6220_0;  1 drivers
v0x5557327e5990_0 .net "B", 0 0, v0x5557327e62e0_0;  1 drivers
v0x5557327e5a50_0 .net "C", 0 0, v0x5557327e63b0_0;  1 drivers
v0x5557327e5af0_0 .net "D", 0 0, v0x5557327e6550_0;  1 drivers
v0x5557327e5bb0_0 .var "S0", 0 0;
v0x5557327e5cc0_0 .var "S1", 0 0;
v0x5557327e5d80_0 .var "S2", 0 0;
v0x5557327e5e40_0 .var "S3", 0 0;
v0x5557327e5f00_0 .net "ready", 0 0, v0x5557327e65f0_0;  1 drivers
v0x5557327e5fc0_0 .net "reset", 0 0, v0x5557327e66c0_0;  1 drivers
E_0x5557327b3270 .event posedge, v0x5557327e5fc0_0, v0x5557327e5f00_0;
    .scope S_0x5557327b78b0;
T_0 ;
    %wait E_0x5557327b3270;
    %load/vec4 v0x5557327e5fc0_0;
    %flag_set/vec4 8;
    %jmp/0xz  T_0.0, 8;
    %pushi/vec4 1, 1, 1;
    %assign/vec4 v0x5557327e5bb0_0, 0;
    %pushi/vec4 1, 1, 1;
    %assign/vec4 v0x5557327e5cc0_0, 0;
    %pushi/vec4 1, 1, 1;
    %assign/vec4 v0x5557327e5d80_0, 0;
    %pushi/vec4 1, 1, 1;
    %assign/vec4 v0x5557327e5e40_0, 0;
    %jmp T_0.1;
T_0.0 ;
    %load/vec4 v0x5557327b7b90_0;
    %inv;
    %load/vec4 v0x5557327e5a50_0;
    %inv;
    %and;
    %load/vec4 v0x5557327e5af0_0;
    %and;
    %load/vec4 v0x5557327e5990_0;
    %inv;
    %load/vec4 v0x5557327e5a50_0;
    %and;
    %load/vec4 v0x5557327e5af0_0;
    %inv;
    %and;
    %or;
    %load/vec4 v0x5557327e5990_0;
    %load/vec4 v0x5557327e5af0_0;
    %and;
    %or;
    %load/vec4 v0x5557327b7b90_0;
    %load/vec4 v0x5557327e5990_0;
    %and;
    %load/vec4 v0x5557327e5a50_0;
    %inv;
    %and;
    %or;
    %assign/vec4 v0x5557327e5bb0_0, 0;
    %load/vec4 v0x5557327b7b90_0;
    %inv;
    %load/vec4 v0x5557327e5990_0;
    %inv;
    %and;
    %load/vec4 v0x5557327e5a50_0;
    %inv;
    %and;
    %load/vec4 v0x5557327b7b90_0;
    %inv;
    %load/vec4 v0x5557327e5a50_0;
    %inv;
    %and;
    %load/vec4 v0x5557327e5af0_0;
    %and;
    %or;
    %load/vec4 v0x5557327e5990_0;
    %load/vec4 v0x5557327e5a50_0;
    %and;
    %load/vec4 v0x5557327e5af0_0;
    %inv;
    %and;
    %or;
    %load/vec4 v0x5557327b7b90_0;
    %load/vec4 v0x5557327e5af0_0;
    %inv;
    %and;
    %or;
    %assign/vec4 v0x5557327e5cc0_0, 0;
    %load/vec4 v0x5557327b7b90_0;
    %inv;
    %load/vec4 v0x5557327e5990_0;
    %and;
    %load/vec4 v0x5557327e5af0_0;
    %and;
    %load/vec4 v0x5557327b7b90_0;
    %load/vec4 v0x5557327e5990_0;
    %inv;
    %and;
    %load/vec4 v0x5557327e5a50_0;
    %inv;
    %and;
    %or;
    %load/vec4 v0x5557327b7b90_0;
    %load/vec4 v0x5557327e5a50_0;
    %and;
    %load/vec4 v0x5557327e5af0_0;
    %and;
    %or;
    %load/vec4 v0x5557327b7b90_0;
    %load/vec4 v0x5557327e5990_0;
    %and;
    %load/vec4 v0x5557327e5af0_0;
    %inv;
    %and;
    %or;
    %assign/vec4 v0x5557327e5d80_0, 0;
    %load/vec4 v0x5557327b7b90_0;
    %inv;
    %load/vec4 v0x5557327e5a50_0;
    %inv;
    %and;
    %load/vec4 v0x5557327e5af0_0;
    %inv;
    %and;
    %load/vec4 v0x5557327e5990_0;
    %inv;
    %load/vec4 v0x5557327e5af0_0;
    %inv;
    %and;
    %or;
    %load/vec4 v0x5557327b7b90_0;
    %inv;
    %load/vec4 v0x5557327e5990_0;
    %and;
    %load/vec4 v0x5557327e5af0_0;
    %and;
    %or;
    %load/vec4 v0x5557327b7b90_0;
    %load/vec4 v0x5557327e5990_0;
    %inv;
    %and;
    %load/vec4 v0x5557327e5a50_0;
    %inv;
    %and;
    %or;
    %assign/vec4 v0x5557327e5e40_0, 0;
T_0.1 ;
    %jmp T_0;
    .thread T_0;
    .scope S_0x5557327c7720;
T_1 ;
    %pushi/vec4 0, 0, 1;
    %store/vec4 v0x5557327e6220_0, 0, 1;
    %pushi/vec4 0, 0, 1;
    %store/vec4 v0x5557327e62e0_0, 0, 1;
    %pushi/vec4 0, 0, 1;
    %store/vec4 v0x5557327e63b0_0, 0, 1;
    %pushi/vec4 0, 0, 1;
    %store/vec4 v0x5557327e6550_0, 0, 1;
    %pushi/vec4 1, 0, 1;
    %store/vec4 v0x5557327e65f0_0, 0, 1;
    %delay 50, 0;
    %load/vec4 v0x5557327e64b0_0;
    %inv;
    %store/vec4 v0x5557327e64b0_0, 0, 1;
    %vpi_call 2 22 "$dumpfile", "teste_gtk.vcd" {0 0 0};
    %vpi_call 2 23 "$dumpvars" {0 0 0};
    %delay 10, 0;
    %pushi/vec4 1, 0, 1;
    %store/vec4 v0x5557327e66c0_0, 0, 1;
    %pushi/vec4 0, 0, 1;
    %store/vec4 v0x5557327e65f0_0, 0, 1;
    %delay 10, 0;
    %pushi/vec4 0, 0, 1;
    %store/vec4 v0x5557327e66c0_0, 0, 1;
    %pushi/vec4 0, 0, 1;
    %store/vec4 v0x5557327e6220_0, 0, 1;
    %pushi/vec4 0, 0, 1;
    %store/vec4 v0x5557327e62e0_0, 0, 1;
    %pushi/vec4 0, 0, 1;
    %store/vec4 v0x5557327e63b0_0, 0, 1;
    %pushi/vec4 1, 0, 1;
    %store/vec4 v0x5557327e6550_0, 0, 1;
    %pushi/vec4 1, 0, 1;
    %store/vec4 v0x5557327e65f0_0, 0, 1;
    %delay 10, 0;
    %delay 10, 0;
    %pushi/vec4 1, 0, 1;
    %store/vec4 v0x5557327e66c0_0, 0, 1;
    %pushi/vec4 0, 0, 1;
    %store/vec4 v0x5557327e65f0_0, 0, 1;
    %delay 10, 0;
    %pushi/vec4 0, 0, 1;
    %store/vec4 v0x5557327e66c0_0, 0, 1;
    %pushi/vec4 0, 0, 1;
    %store/vec4 v0x5557327e6220_0, 0, 1;
    %pushi/vec4 0, 0, 1;
    %store/vec4 v0x5557327e62e0_0, 0, 1;
    %pushi/vec4 1, 0, 1;
    %store/vec4 v0x5557327e63b0_0, 0, 1;
    %pushi/vec4 0, 0, 1;
    %store/vec4 v0x5557327e6550_0, 0, 1;
    %pushi/vec4 1, 0, 1;
    %store/vec4 v0x5557327e65f0_0, 0, 1;
    %delay 10, 0;
    %delay 10, 0;
    %pushi/vec4 1, 0, 1;
    %store/vec4 v0x5557327e66c0_0, 0, 1;
    %pushi/vec4 0, 0, 1;
    %store/vec4 v0x5557327e65f0_0, 0, 1;
    %delay 10, 0;
    %pushi/vec4 0, 0, 1;
    %store/vec4 v0x5557327e66c0_0, 0, 1;
    %pushi/vec4 0, 0, 1;
    %store/vec4 v0x5557327e6220_0, 0, 1;
    %pushi/vec4 0, 0, 1;
    %store/vec4 v0x5557327e62e0_0, 0, 1;
    %pushi/vec4 1, 0, 1;
    %store/vec4 v0x5557327e63b0_0, 0, 1;
    %pushi/vec4 1, 0, 1;
    %store/vec4 v0x5557327e6550_0, 0, 1;
    %pushi/vec4 1, 0, 1;
    %store/vec4 v0x5557327e65f0_0, 0, 1;
    %delay 10, 0;
    %delay 10, 0;
    %pushi/vec4 1, 0, 1;
    %store/vec4 v0x5557327e66c0_0, 0, 1;
    %pushi/vec4 0, 0, 1;
    %store/vec4 v0x5557327e65f0_0, 0, 1;
    %delay 10, 0;
    %pushi/vec4 0, 0, 1;
    %store/vec4 v0x5557327e66c0_0, 0, 1;
    %pushi/vec4 0, 0, 1;
    %store/vec4 v0x5557327e6220_0, 0, 1;
    %pushi/vec4 1, 0, 1;
    %store/vec4 v0x5557327e62e0_0, 0, 1;
    %pushi/vec4 0, 0, 1;
    %store/vec4 v0x5557327e63b0_0, 0, 1;
    %pushi/vec4 0, 0, 1;
    %store/vec4 v0x5557327e6550_0, 0, 1;
    %pushi/vec4 1, 0, 1;
    %store/vec4 v0x5557327e65f0_0, 0, 1;
    %delay 10, 0;
    %delay 10, 0;
    %pushi/vec4 1, 0, 1;
    %store/vec4 v0x5557327e66c0_0, 0, 1;
    %pushi/vec4 0, 0, 1;
    %store/vec4 v0x5557327e65f0_0, 0, 1;
    %delay 10, 0;
    %pushi/vec4 0, 0, 1;
    %store/vec4 v0x5557327e66c0_0, 0, 1;
    %pushi/vec4 0, 0, 1;
    %store/vec4 v0x5557327e6220_0, 0, 1;
    %pushi/vec4 1, 0, 1;
    %store/vec4 v0x5557327e62e0_0, 0, 1;
    %pushi/vec4 0, 0, 1;
    %store/vec4 v0x5557327e63b0_0, 0, 1;
    %pushi/vec4 1, 0, 1;
    %store/vec4 v0x5557327e6550_0, 0, 1;
    %pushi/vec4 1, 0, 1;
    %store/vec4 v0x5557327e65f0_0, 0, 1;
    %delay 10, 0;
    %delay 10, 0;
    %pushi/vec4 1, 0, 1;
    %store/vec4 v0x5557327e66c0_0, 0, 1;
    %pushi/vec4 0, 0, 1;
    %store/vec4 v0x5557327e65f0_0, 0, 1;
    %delay 10, 0;
    %pushi/vec4 0, 0, 1;
    %store/vec4 v0x5557327e66c0_0, 0, 1;
    %pushi/vec4 0, 0, 1;
    %store/vec4 v0x5557327e6220_0, 0, 1;
    %pushi/vec4 1, 0, 1;
    %store/vec4 v0x5557327e62e0_0, 0, 1;
    %pushi/vec4 1, 0, 1;
    %store/vec4 v0x5557327e63b0_0, 0, 1;
    %pushi/vec4 0, 0, 1;
    %store/vec4 v0x5557327e6550_0, 0, 1;
    %pushi/vec4 1, 0, 1;
    %store/vec4 v0x5557327e65f0_0, 0, 1;
    %delay 10, 0;
    %delay 10, 0;
    %pushi/vec4 1, 0, 1;
    %store/vec4 v0x5557327e66c0_0, 0, 1;
    %pushi/vec4 0, 0, 1;
    %store/vec4 v0x5557327e65f0_0, 0, 1;
    %delay 10, 0;
    %pushi/vec4 0, 0, 1;
    %store/vec4 v0x5557327e66c0_0, 0, 1;
    %pushi/vec4 0, 0, 1;
    %store/vec4 v0x5557327e6220_0, 0, 1;
    %pushi/vec4 1, 0, 1;
    %store/vec4 v0x5557327e62e0_0, 0, 1;
    %pushi/vec4 1, 0, 1;
    %store/vec4 v0x5557327e63b0_0, 0, 1;
    %pushi/vec4 1, 0, 1;
    %store/vec4 v0x5557327e6550_0, 0, 1;
    %pushi/vec4 1, 0, 1;
    %store/vec4 v0x5557327e65f0_0, 0, 1;
    %delay 10, 0;
    %delay 10, 0;
    %pushi/vec4 1, 0, 1;
    %store/vec4 v0x5557327e66c0_0, 0, 1;
    %pushi/vec4 0, 0, 1;
    %store/vec4 v0x5557327e65f0_0, 0, 1;
    %delay 10, 0;
    %pushi/vec4 0, 0, 1;
    %store/vec4 v0x5557327e66c0_0, 0, 1;
    %pushi/vec4 1, 0, 1;
    %store/vec4 v0x5557327e6220_0, 0, 1;
    %pushi/vec4 0, 0, 1;
    %store/vec4 v0x5557327e62e0_0, 0, 1;
    %pushi/vec4 0, 0, 1;
    %store/vec4 v0x5557327e63b0_0, 0, 1;
    %pushi/vec4 0, 0, 1;
    %store/vec4 v0x5557327e6550_0, 0, 1;
    %pushi/vec4 1, 0, 1;
    %store/vec4 v0x5557327e65f0_0, 0, 1;
    %delay 10, 0;
    %delay 10, 0;
    %pushi/vec4 1, 0, 1;
    %store/vec4 v0x5557327e66c0_0, 0, 1;
    %pushi/vec4 0, 0, 1;
    %store/vec4 v0x5557327e65f0_0, 0, 1;
    %delay 10, 0;
    %pushi/vec4 0, 0, 1;
    %store/vec4 v0x5557327e66c0_0, 0, 1;
    %pushi/vec4 1, 0, 1;
    %store/vec4 v0x5557327e6220_0, 0, 1;
    %pushi/vec4 0, 0, 1;
    %store/vec4 v0x5557327e62e0_0, 0, 1;
    %pushi/vec4 0, 0, 1;
    %store/vec4 v0x5557327e63b0_0, 0, 1;
    %pushi/vec4 1, 0, 1;
    %store/vec4 v0x5557327e6550_0, 0, 1;
    %pushi/vec4 1, 0, 1;
    %store/vec4 v0x5557327e65f0_0, 0, 1;
    %delay 10, 0;
    %delay 10, 0;
    %pushi/vec4 1, 0, 1;
    %store/vec4 v0x5557327e66c0_0, 0, 1;
    %pushi/vec4 0, 0, 1;
    %store/vec4 v0x5557327e65f0_0, 0, 1;
    %delay 10, 0;
    %pushi/vec4 0, 0, 1;
    %store/vec4 v0x5557327e66c0_0, 0, 1;
    %pushi/vec4 1, 0, 1;
    %store/vec4 v0x5557327e6220_0, 0, 1;
    %pushi/vec4 0, 0, 1;
    %store/vec4 v0x5557327e62e0_0, 0, 1;
    %pushi/vec4 1, 0, 1;
    %store/vec4 v0x5557327e63b0_0, 0, 1;
    %pushi/vec4 0, 0, 1;
    %store/vec4 v0x5557327e6550_0, 0, 1;
    %pushi/vec4 1, 0, 1;
    %store/vec4 v0x5557327e65f0_0, 0, 1;
    %delay 10, 0;
    %delay 10, 0;
    %pushi/vec4 1, 0, 1;
    %store/vec4 v0x5557327e66c0_0, 0, 1;
    %pushi/vec4 0, 0, 1;
    %store/vec4 v0x5557327e65f0_0, 0, 1;
    %delay 10, 0;
    %pushi/vec4 0, 0, 1;
    %store/vec4 v0x5557327e66c0_0, 0, 1;
    %pushi/vec4 1, 0, 1;
    %store/vec4 v0x5557327e6220_0, 0, 1;
    %pushi/vec4 0, 0, 1;
    %store/vec4 v0x5557327e62e0_0, 0, 1;
    %pushi/vec4 1, 0, 1;
    %store/vec4 v0x5557327e63b0_0, 0, 1;
    %pushi/vec4 1, 0, 1;
    %store/vec4 v0x5557327e6550_0, 0, 1;
    %pushi/vec4 1, 0, 1;
    %store/vec4 v0x5557327e65f0_0, 0, 1;
    %delay 10, 0;
    %delay 10, 0;
    %pushi/vec4 1, 0, 1;
    %store/vec4 v0x5557327e66c0_0, 0, 1;
    %pushi/vec4 0, 0, 1;
    %store/vec4 v0x5557327e65f0_0, 0, 1;
    %delay 10, 0;
    %pushi/vec4 0, 0, 1;
    %store/vec4 v0x5557327e66c0_0, 0, 1;
    %pushi/vec4 1, 0, 1;
    %store/vec4 v0x5557327e6220_0, 0, 1;
    %pushi/vec4 1, 0, 1;
    %store/vec4 v0x5557327e62e0_0, 0, 1;
    %pushi/vec4 0, 0, 1;
    %store/vec4 v0x5557327e63b0_0, 0, 1;
    %pushi/vec4 0, 0, 1;
    %store/vec4 v0x5557327e6550_0, 0, 1;
    %pushi/vec4 1, 0, 1;
    %store/vec4 v0x5557327e65f0_0, 0, 1;
    %delay 10, 0;
    %delay 10, 0;
    %pushi/vec4 1, 0, 1;
    %store/vec4 v0x5557327e66c0_0, 0, 1;
    %pushi/vec4 0, 0, 1;
    %store/vec4 v0x5557327e65f0_0, 0, 1;
    %delay 10, 0;
    %pushi/vec4 0, 0, 1;
    %store/vec4 v0x5557327e66c0_0, 0, 1;
    %pushi/vec4 1, 0, 1;
    %store/vec4 v0x5557327e6220_0, 0, 1;
    %pushi/vec4 1, 0, 1;
    %store/vec4 v0x5557327e62e0_0, 0, 1;
    %pushi/vec4 0, 0, 1;
    %store/vec4 v0x5557327e63b0_0, 0, 1;
    %pushi/vec4 1, 0, 1;
    %store/vec4 v0x5557327e6550_0, 0, 1;
    %pushi/vec4 1, 0, 1;
    %store/vec4 v0x5557327e65f0_0, 0, 1;
    %delay 10, 0;
    %delay 10, 0;
    %pushi/vec4 1, 0, 1;
    %store/vec4 v0x5557327e66c0_0, 0, 1;
    %pushi/vec4 0, 0, 1;
    %store/vec4 v0x5557327e65f0_0, 0, 1;
    %delay 10, 0;
    %pushi/vec4 0, 0, 1;
    %store/vec4 v0x5557327e66c0_0, 0, 1;
    %pushi/vec4 1, 0, 1;
    %store/vec4 v0x5557327e6220_0, 0, 1;
    %pushi/vec4 1, 0, 1;
    %store/vec4 v0x5557327e62e0_0, 0, 1;
    %pushi/vec4 1, 0, 1;
    %store/vec4 v0x5557327e63b0_0, 0, 1;
    %pushi/vec4 0, 0, 1;
    %store/vec4 v0x5557327e6550_0, 0, 1;
    %pushi/vec4 1, 0, 1;
    %store/vec4 v0x5557327e65f0_0, 0, 1;
    %delay 10, 0;
    %delay 10, 0;
    %pushi/vec4 1, 0, 1;
    %store/vec4 v0x5557327e66c0_0, 0, 1;
    %pushi/vec4 0, 0, 1;
    %store/vec4 v0x5557327e65f0_0, 0, 1;
    %delay 10, 0;
    %pushi/vec4 0, 0, 1;
    %store/vec4 v0x5557327e66c0_0, 0, 1;
    %pushi/vec4 1, 0, 1;
    %store/vec4 v0x5557327e6220_0, 0, 1;
    %pushi/vec4 1, 0, 1;
    %store/vec4 v0x5557327e62e0_0, 0, 1;
    %pushi/vec4 1, 0, 1;
    %store/vec4 v0x5557327e63b0_0, 0, 1;
    %pushi/vec4 1, 0, 1;
    %store/vec4 v0x5557327e6550_0, 0, 1;
    %pushi/vec4 1, 0, 1;
    %store/vec4 v0x5557327e65f0_0, 0, 1;
    %delay 10, 0;
    %vpi_call 2 177 "$stop" {0 0 0};
    %end;
    .thread T_1;
# The file index is used to find the file name in the following table.
:file_names 4;
    "N/A";
    "<interactive>";
    "TesteBench.v";
    "Codificador.v";
